TN:
SF:src\renderer\src\App.jsx
FN:20,App
FN:22,(anonymous_1)
FN:23,(anonymous_2)
FN:24,(anonymous_3)
FN:25,(anonymous_4)
FN:26,(anonymous_5)
FN:29,(anonymous_6)
FN:40,(anonymous_7)
FN:41,(anonymous_8)
FN:99,(anonymous_9)
FN:127,(anonymous_10)
FN:138,(anonymous_11)
FN:144,(anonymous_12)
FN:153,(anonymous_13)
FN:180,(anonymous_14)
FNF:15
FNH:0
FNDA:0,App
FNDA:0,(anonymous_1)
FNDA:0,(anonymous_2)
FNDA:0,(anonymous_3)
FNDA:0,(anonymous_4)
FNDA:0,(anonymous_5)
FNDA:0,(anonymous_6)
FNDA:0,(anonymous_7)
FNDA:0,(anonymous_8)
FNDA:0,(anonymous_9)
FNDA:0,(anonymous_10)
FNDA:0,(anonymous_11)
FNDA:0,(anonymous_12)
FNDA:0,(anonymous_13)
FNDA:0,(anonymous_14)
DA:21,0
DA:22,0
DA:23,0
DA:24,0
DA:25,0
DA:26,0
DA:29,0
DA:31,0
DA:35,0
DA:36,0
DA:40,0
DA:41,0
DA:42,0
DA:44,0
DA:46,0
DA:47,0
DA:48,0
DA:54,0
DA:55,0
DA:57,0
DA:58,0
DA:59,0
DA:60,0
DA:61,0
DA:62,0
DA:63,0
DA:65,0
DA:68,0
DA:71,0
DA:72,0
DA:73,0
DA:79,0
DA:80,0
DA:81,0
DA:82,0
DA:83,0
DA:86,0
DA:91,0
DA:92,0
DA:93,0
DA:94,0
DA:95,0
DA:97,0
DA:98,0
DA:99,0
DA:100,0
DA:101,0
DA:103,0
DA:105,0
DA:108,0
DA:111,0
DA:114,0
DA:115,0
DA:118,0
DA:119,0
DA:124,0
DA:127,0
DA:128,0
DA:129,0
DA:130,0
DA:132,0
DA:133,0
DA:138,0
DA:139,0
DA:144,0
DA:146,0
DA:148,0
DA:149,0
DA:150,0
DA:153,0
DA:154,0
DA:159,0
DA:160,0
DA:161,0
DA:168,0
DA:180,0
LF:76
LH:0
BRDA:57,0,0,0
BRDA:57,0,1,0
BRDA:79,1,0,0
BRDA:79,1,1,0
BRDA:79,2,0,0
BRDA:79,2,1,0
BRDA:91,3,0,0
BRDA:91,3,1,0
BRDA:91,4,0,0
BRDA:91,4,1,0
BRDA:97,5,0,0
BRDA:97,5,1,0
BRDA:97,6,0,0
BRDA:97,6,1,0
BRDA:128,7,0,0
BRDA:128,7,1,0
BRDA:146,8,0,0
BRDA:146,8,1,0
BRDA:159,9,0,0
BRDA:159,9,1,0
BRDA:171,10,0,0
BRDA:171,10,1,0
BRDA:179,11,0,0
BRDA:179,11,1,0
BRF:24
BRH:0
end_of_record
TN:
SF:src\renderer\src\components\Button.jsx
FN:5,Button
FN:19,(anonymous_1)
FNF:2
FNH:0
FNDA:0,Button
FNDA:0,(anonymous_1)
DA:19,0
DA:22,0
DA:25,0
DA:53,0
DA:60,0
DA:63,0
DA:66,0
DA:68,0
DA:72,0
LF:9
LH:0
BRDA:7,0,0,0
BRDA:8,1,0,0
BRDA:9,2,0,0
BRDA:10,3,0,0
BRDA:11,4,0,0
BRDA:12,5,0,0
BRDA:13,6,0,0
BRDA:15,7,0,0
BRDA:16,8,0,0
BRDA:60,9,0,0
BRDA:60,9,1,0
BRDA:63,10,0,0
BRDA:63,10,1,0
BRDA:66,11,0,0
BRDA:66,11,1,0
BRDA:68,12,0,0
BRDA:68,12,1,0
BRDA:78,13,0,0
BRDA:78,13,1,0
BRDA:84,14,0,0
BRDA:84,14,1,0
BRDA:85,15,0,0
BRDA:85,15,1,0
BRDA:89,16,0,0
BRDA:89,16,1,0
BRDA:113,17,0,0
BRDA:113,17,1,0
BRDA:113,17,2,0
BRDA:113,17,3,0
BRDA:117,18,0,0
BRDA:117,18,1,0
BRDA:119,19,0,0
BRDA:119,19,1,0
BRDA:119,19,2,0
BRDA:119,19,3,0
BRF:35
BRH:0
end_of_record
TN:
SF:src\renderer\src\components\CampaignCard.jsx
FN:48,CampaignCard
FN:48,(anonymous_1)
FN:51,(anonymous_2)
FN:52,(anonymous_3)
FN:55,(anonymous_4)
FN:62,(anonymous_5)
FN:132,(anonymous_6)
FNF:7
FNH:0
FNDA:0,CampaignCard
FNDA:0,(anonymous_1)
FNDA:0,(anonymous_2)
FNDA:0,(anonymous_3)
FNDA:0,(anonymous_4)
FNDA:0,(anonymous_5)
FNDA:0,(anonymous_6)
DA:15,0
DA:49,0
DA:50,0
DA:51,0
DA:52,0
DA:55,0
DA:56,0
DA:59,0
DA:62,0
DA:63,0
DA:64,0
DA:68,0
DA:133,0
DA:134,0
LF:14
LH:0
BRDA:48,0,0,0
BRDA:48,1,0,0
BRDA:48,2,0,0
BRDA:50,3,0,0
BRDA:50,3,1,0
BRDA:63,4,0,0
BRDA:63,4,1,0
BRDA:71,5,0,0
BRDA:71,5,1,0
BRDA:75,6,0,0
BRDA:75,6,1,0
BRDA:76,7,0,0
BRDA:76,7,1,0
BRDA:85,8,0,0
BRDA:85,8,1,0
BRDA:85,8,2,0
BRDA:86,9,0,0
BRDA:86,9,1,0
BRDA:92,10,0,0
BRDA:92,10,1,0
BRDA:97,11,0,0
BRDA:97,11,1,0
BRDA:97,11,2,0
BRDA:109,12,0,0
BRDA:109,12,1,0
BRDA:118,13,0,0
BRDA:118,13,1,0
BRDA:118,13,2,0
BRDA:126,14,0,0
BRDA:126,14,1,0
BRDA:126,14,2,0
BRDA:126,14,3,0
BRDA:145,15,0,0
BRDA:145,15,1,0
BRDA:150,16,0,0
BRDA:150,16,1,0
BRF:36
BRH:0
end_of_record
TN:
SF:src\renderer\src\components\CampaignProgressIndicator.jsx
FN:7,CampaignProgressIndicator
FN:9,(anonymous_1)
FN:10,(anonymous_2)
FN:13,(anonymous_3)
FN:22,(anonymous_4)
FN:39,(anonymous_5)
FNF:6
FNH:6
FNDA:10,CampaignProgressIndicator
FNDA:10,(anonymous_1)
FNDA:10,(anonymous_2)
FNDA:10,(anonymous_3)
FNDA:11,(anonymous_4)
FNDA:1,(anonymous_5)
DA:8,10
DA:9,10
DA:10,10
DA:13,10
DA:15,10
DA:17,10
DA:18,3
DA:22,7
DA:23,11
DA:26,7
DA:28,7
DA:35,10
DA:36,3
DA:39,7
DA:40,1
DA:43,7
LF:16
LH:16
BRDA:17,0,0,3
BRDA:17,0,1,7
BRDA:17,1,0,10
BRDA:17,1,1,9
BRDA:23,2,0,11
BRDA:23,2,1,3
BRDA:35,3,0,3
BRDA:35,3,1,7
BRDA:49,4,0,1
BRDA:49,4,1,6
BRDA:55,5,0,1
BRDA:55,5,1,6
BRDA:59,6,0,1
BRDA:59,6,1,6
BRDA:60,7,0,3
BRDA:60,7,1,4
BRDA:62,8,0,1
BRDA:62,8,1,6
BRF:18
BRH:18
end_of_record
TN:
SF:src\renderer\src\components\ConnectedTextBackground.jsx
FN:8,(anonymous_0)
FN:26,(anonymous_1)
FN:29,(anonymous_2)
FN:43,(anonymous_3)
FN:54,(anonymous_4)
FN:254,(anonymous_5)
FN:262,(anonymous_6)
FN:281,(anonymous_7)
FN:294,(anonymous_8)
FN:339,(anonymous_9)
FN:340,(anonymous_10)
FN:369,(anonymous_11)
FN:384,(anonymous_12)
FN:389,(anonymous_13)
FN:392,(anonymous_14)
FN:406,(anonymous_15)
FNF:16
FNH:0
FNDA:0,(anonymous_0)
FNDA:0,(anonymous_1)
FNDA:0,(anonymous_2)
FNDA:0,(anonymous_3)
FNDA:0,(anonymous_4)
FNDA:0,(anonymous_5)
FNDA:0,(anonymous_6)
FNDA:0,(anonymous_7)
FNDA:0,(anonymous_8)
FNDA:0,(anonymous_9)
FNDA:0,(anonymous_10)
FNDA:0,(anonymous_11)
FNDA:0,(anonymous_12)
FNDA:0,(anonymous_13)
FNDA:0,(anonymous_14)
FNDA:0,(anonymous_15)
DA:8,0
DA:22,0
DA:23,0
DA:24,0
DA:26,0
DA:29,0
DA:30,0
DA:31,0
DA:33,0
DA:34,0
DA:37,0
DA:38,0
DA:39,0
DA:40,0
DA:43,0
DA:50,0
DA:51,0
DA:52,0
DA:53,0
DA:54,0
DA:55,0
DA:56,0
DA:57,0
DA:58,0
DA:59,0
DA:62,0
DA:63,0
DA:64,0
DA:67,0
DA:68,0
DA:72,0
DA:73,0
DA:74,0
DA:75,0
DA:78,0
DA:81,0
DA:84,0
DA:92,0
DA:93,0
DA:96,0
DA:99,0
DA:100,0
DA:102,0
DA:105,0
DA:106,0
DA:108,0
DA:120,0
DA:121,0
DA:122,0
DA:123,0
DA:124,0
DA:127,0
DA:130,0
DA:131,0
DA:134,0
DA:135,0
DA:138,0
DA:139,0
DA:140,0
DA:143,0
DA:145,0
DA:147,0
DA:149,0
DA:151,0
DA:152,0
DA:154,0
DA:155,0
DA:156,0
DA:157,0
DA:160,0
DA:165,0
DA:166,0
DA:167,0
DA:170,0
DA:171,0
DA:174,0
DA:175,0
DA:176,0
DA:179,0
DA:181,0
DA:183,0
DA:185,0
DA:187,0
DA:188,0
DA:190,0
DA:191,0
DA:192,0
DA:193,0
DA:196,0
DA:201,0
DA:202,0
DA:204,0
DA:207,0
DA:208,0
DA:209,0
DA:210,0
DA:211,0
DA:212,0
DA:215,0
DA:216,0
DA:217,0
DA:218,0
DA:221,0
DA:222,0
DA:223,0
DA:224,0
DA:225,0
DA:226,0
DA:227,0
DA:232,0
DA:233,0
DA:236,0
DA:237,0
DA:238,0
DA:240,0
DA:243,0
DA:244,0
DA:248,0
DA:254,0
DA:255,0
DA:256,0
DA:259,0
DA:262,0
DA:263,0
DA:264,0
DA:266,0
DA:270,0
DA:273,0
DA:274,0
DA:275,0
DA:276,0
DA:277,0
DA:278,0
DA:281,0
DA:288,0
DA:289,0
DA:290,0
DA:291,0
DA:294,0
DA:295,0
DA:296,0
DA:297,0
DA:298,0
DA:299,0
DA:302,0
DA:303,0
DA:304,0
DA:305,0
DA:306,0
DA:308,0
DA:309,0
DA:310,0
DA:314,0
DA:315,0
DA:316,0
DA:317,0
DA:318,0
DA:319,0
DA:321,0
DA:332,0
DA:339,0
DA:340,0
DA:362,0
DA:363,0
DA:366,0
DA:369,0
DA:370,0
DA:372,0
DA:373,0
DA:375,0
DA:377,0
DA:384,0
DA:385,0
DA:389,0
DA:390,0
DA:392,0
DA:393,0
DA:394,0
DA:396,0
DA:397,0
DA:399,0
DA:400,0
DA:401,0
DA:406,0
DA:410,0
DA:411,0
DA:414,0
LF:187
LH:0
BRDA:9,0,0,0
BRDA:10,1,0,0
BRDA:11,2,0,0
BRDA:12,3,0,0
BRDA:13,4,0,0
BRDA:14,5,0,0
BRDA:15,6,0,0
BRDA:16,7,0,0
BRDA:17,8,0,0
BRDA:18,9,0,0
BRDA:19,10,0,0
BRDA:20,11,0,0
BRDA:31,12,0,0
BRDA:31,12,1,0
BRDA:31,13,0,0
BRDA:31,13,1,0
BRDA:34,14,0,0
BRDA:34,14,1,0
BRDA:37,15,0,0
BRDA:37,15,1,0
BRDA:38,16,0,0
BRDA:38,16,1,0
BRDA:39,17,0,0
BRDA:39,17,1,0
BRDA:67,18,0,0
BRDA:67,18,1,0
BRDA:143,19,0,0
BRDA:143,19,1,0
BRDA:152,20,0,0
BRDA:152,20,1,0
BRDA:179,21,0,0
BRDA:179,21,1,0
BRDA:188,22,0,0
BRDA:188,22,1,0
BRDA:217,23,0,0
BRDA:217,23,1,0
BRDA:221,24,0,0
BRDA:221,24,1,0
BRDA:221,25,0,0
BRDA:221,25,1,0
BRDA:223,26,0,0
BRDA:223,26,1,0
BRDA:243,27,0,0
BRDA:243,27,1,0
BRDA:243,28,0,0
BRDA:243,28,1,0
BRDA:256,29,0,0
BRDA:256,29,1,0
BRDA:256,30,0,0
BRDA:256,30,1,0
BRDA:264,31,0,0
BRDA:264,31,1,0
BRDA:264,32,0,0
BRDA:264,32,1,0
BRDA:266,33,0,0
BRDA:266,33,1,0
BRDA:270,34,0,0
BRDA:270,34,1,0
BRDA:275,35,0,0
BRDA:275,35,1,0
BRDA:276,36,0,0
BRDA:276,36,1,0
BRDA:277,37,0,0
BRDA:277,37,1,0
BRDA:352,38,0,0
BRDA:352,38,1,0
BRDA:362,39,0,0
BRDA:362,39,1,0
BRDA:370,40,0,0
BRDA:370,40,1,0
BRDA:375,41,0,0
BRDA:375,41,1,0
BRDA:375,42,0,0
BRDA:375,42,1,0
BRDA:390,43,0,0
BRDA:390,43,1,0
BRDA:390,44,0,0
BRDA:390,44,1,0
BRDA:394,45,0,0
BRDA:394,45,1,0
BRDA:397,46,0,0
BRDA:397,46,1,0
BRDA:399,47,0,0
BRDA:399,47,1,0
BRDA:410,48,0,0
BRDA:410,48,1,0
BRDA:418,49,0,0
BRDA:418,49,1,0
BRDA:419,50,0,0
BRDA:419,50,1,0
BRDA:420,51,0,0
BRDA:420,51,1,0
BRDA:421,52,0,0
BRDA:421,52,1,0
BRDA:422,53,0,0
BRDA:422,53,1,0
BRF:96
BRH:0
end_of_record
TN:
SF:src\renderer\src\components\DarkModeProvider.jsx
FN:4,(anonymous_0)
FN:5,(anonymous_1)
FN:7,(anonymous_2)
FNF:3
FNH:0
FNDA:0,(anonymous_0)
FNDA:0,(anonymous_1)
FNDA:0,(anonymous_2)
DA:4,0
DA:5,0
DA:7,0
DA:9,0
DA:10,0
DA:12,0
DA:16,0
LF:7
LH:0
BRDA:9,0,0,0
BRDA:9,0,1,0
BRF:2
BRH:0
end_of_record
TN:
SF:src\renderer\src\components\EnhancedVideoSettings.jsx
FN:7,(anonymous_0)
FN:50,(anonymous_1)
FN:52,(anonymous_2)
FN:84,(anonymous_3)
FN:102,(anonymous_4)
FN:107,(anonymous_5)
FN:114,(anonymous_6)
FN:121,(anonymous_7)
FN:127,(anonymous_8)
FN:139,(anonymous_9)
FN:146,(anonymous_10)
FN:162,(anonymous_11)
FN:167,(anonymous_12)
FN:198,(anonymous_13)
FN:207,(anonymous_14)
FN:208,(anonymous_15)
FN:214,(anonymous_16)
FN:218,(anonymous_17)
FN:222,(anonymous_18)
FN:234,(anonymous_19)
FN:238,(anonymous_20)
FN:245,(anonymous_21)
FN:253,(anonymous_22)
FN:258,(anonymous_23)
FN:265,(anonymous_24)
FN:276,(anonymous_25)
FN:293,(anonymous_26)
FN:321,(anonymous_27)
FN:331,(anonymous_28)
FN:347,(anonymous_29)
FN:353,(anonymous_30)
FN:373,(anonymous_31)
FN:379,(anonymous_32)
FN:384,(anonymous_33)
FN:392,(anonymous_34)
FN:441,(anonymous_35)
FN:447,(anonymous_36)
FN:452,(anonymous_37)
FN:468,(anonymous_38)
FN:472,(anonymous_39)
FN:479,(anonymous_40)
FN:484,(anonymous_41)
FN:497,(anonymous_42)
FN:519,(anonymous_43)
FN:521,(anonymous_44)
FN:525,(anonymous_45)
FN:541,(anonymous_46)
FN:558,(anonymous_47)
FN:560,(anonymous_48)
FN:570,(anonymous_49)
FN:632,(anonymous_50)
FN:636,(anonymous_51)
FN:640,(anonymous_52)
FN:644,(anonymous_53)
FN:695,(anonymous_54)
FN:704,(anonymous_55)
FN:713,(anonymous_56)
FN:722,(anonymous_57)
FN:735,(anonymous_58)
FN:779,(anonymous_59)
FN:790,(anonymous_60)
FN:804,(anonymous_61)
FN:816,(anonymous_62)
FN:816,(anonymous_63)
FN:822,(anonymous_64)
FN:875,(anonymous_65)
FN:942,(anonymous_66)
FN:961,(anonymous_67)
FN:982,(anonymous_68)
FN:993,(anonymous_69)
FN:1004,(anonymous_70)
FN:1026,(anonymous_71)
FN:1032,(anonymous_72)
FN:1044,(anonymous_73)
FN:1063,(anonymous_74)
FN:1069,(anonymous_75)
FN:1079,(anonymous_76)
FN:1096,(anonymous_77)
FN:1106,(anonymous_78)
FN:1121,(anonymous_79)
FN:1125,(anonymous_80)
FN:1148,(anonymous_81)
FN:1152,(anonymous_82)
FN:1178,(anonymous_83)
FN:1193,(anonymous_84)
FN:1203,(anonymous_85)
FN:1219,(anonymous_86)
FN:1240,(anonymous_87)
FN:1246,(anonymous_88)
FN:1256,(anonymous_89)
FN:1268,(anonymous_90)
FN:1281,(anonymous_91)
FN:1291,(anonymous_92)
FN:1336,(anonymous_93)
FN:1344,(anonymous_94)
FN:1359,(anonymous_95)
FN:1412,(anonymous_96)
FN:1436,(anonymous_97)
FN:1448,(anonymous_98)
FN:1515,(anonymous_99)
FN:1619,(anonymous_100)
FN:1676,(anonymous_101)
FN:1693,(anonymous_102)
FN:1717,(anonymous_103)
FN:1730,(anonymous_104)
FN:1747,(anonymous_105)
FN:1780,(anonymous_106)
FN:1781,(anonymous_107)
FN:1799,(anonymous_108)
FN:1810,(anonymous_109)
FN:1886,(anonymous_110)
FN:1890,(anonymous_111)
FN:2051,(anonymous_112)
FN:2053,(anonymous_113)
FN:2057,(anonymous_114)
FN:2121,(anonymous_115)
FN:2123,(anonymous_116)
FN:2127,(anonymous_117)
FN:2238,(anonymous_118)
FN:2246,(anonymous_119)
FN:2443,(anonymous_120)
FN:2455,(anonymous_121)
FN:2518,(anonymous_122)
FN:2522,(anonymous_123)
FN:2526,(anonymous_124)
FN:2607,(anonymous_125)
FN:2634,(anonymous_126)
FN:2651,(anonymous_127)
FN:2664,(anonymous_128)
FN:2677,(anonymous_129)
FN:2688,(anonymous_130)
FN:2705,(anonymous_131)
FN:2712,(anonymous_132)
FN:2726,(anonymous_133)
FN:2743,(anonymous_134)
FN:2751,(anonymous_135)
FN:2769,(anonymous_136)
FN:2786,(anonymous_137)
FN:2794,(anonymous_138)
FN:2811,(anonymous_139)
FN:2887,(anonymous_140)
FN:2951,(anonymous_141)
FN:2969,(anonymous_142)
FN:2979,(anonymous_143)
FN:2996,(anonymous_144)
FN:3138,(anonymous_145)
FN:3297,(anonymous_146)
FN:3410,(anonymous_147)
FN:3430,(anonymous_148)
FN:3485,(anonymous_149)
FN:3508,(anonymous_150)
FN:3714,(anonymous_151)
FN:3746,(anonymous_152)
FN:3757,(anonymous_153)
FN:3768,(anonymous_154)
FN:3779,(anonymous_155)
FN:3791,(anonymous_156)
FN:3901,(anonymous_157)
FN:4005,(anonymous_158)
FN:4036,(anonymous_159)
FN:4061,(anonymous_160)
FN:4096,(anonymous_161)
FN:4115,(anonymous_162)
FN:4135,(anonymous_163)
FN:4148,(anonymous_164)
FN:4165,(anonymous_165)
FN:4226,(anonymous_166)
FN:4237,(anonymous_167)
FN:4251,(anonymous_168)
FN:4264,(anonymous_169)
FN:4264,(anonymous_170)
FN:4270,(anonymous_171)
FN:4321,(anonymous_172)
FN:4389,(anonymous_173)
FN:4409,(anonymous_174)
FN:4430,(anonymous_175)
FN:4441,(anonymous_176)
FN:4452,(anonymous_177)
FN:4473,(anonymous_178)
FN:4479,(anonymous_179)
FN:4492,(anonymous_180)
FN:4511,(anonymous_181)
FN:4517,(anonymous_182)
FN:4528,(anonymous_183)
FN:4545,(anonymous_184)
FN:4555,(anonymous_185)
FN:4570,(anonymous_186)
FN:4574,(anonymous_187)
FN:4597,(anonymous_188)
FN:4601,(anonymous_189)
FN:4627,(anonymous_190)
FN:4642,(anonymous_191)
FN:4652,(anonymous_192)
FN:4668,(anonymous_193)
FN:4689,(anonymous_194)
FN:4695,(anonymous_195)
FN:4705,(anonymous_196)
FN:4717,(anonymous_197)
FN:4730,(anonymous_198)
FN:4740,(anonymous_199)
FN:4784,(anonymous_200)
FN:4792,(anonymous_201)
FN:4798,(anonymous_202)
FN:4851,(anonymous_203)
FN:4875,(anonymous_204)
FN:4887,(anonymous_205)
FNF:206
FNH:0
FNDA:0,(anonymous_0)
FNDA:0,(anonymous_1)
FNDA:0,(anonymous_2)
FNDA:0,(anonymous_3)
FNDA:0,(anonymous_4)
FNDA:0,(anonymous_5)
FNDA:0,(anonymous_6)
FNDA:0,(anonymous_7)
FNDA:0,(anonymous_8)
FNDA:0,(anonymous_9)
FNDA:0,(anonymous_10)
FNDA:0,(anonymous_11)
FNDA:0,(anonymous_12)
FNDA:0,(anonymous_13)
FNDA:0,(anonymous_14)
FNDA:0,(anonymous_15)
FNDA:0,(anonymous_16)
FNDA:0,(anonymous_17)
FNDA:0,(anonymous_18)
FNDA:0,(anonymous_19)
FNDA:0,(anonymous_20)
FNDA:0,(anonymous_21)
FNDA:0,(anonymous_22)
FNDA:0,(anonymous_23)
FNDA:0,(anonymous_24)
FNDA:0,(anonymous_25)
FNDA:0,(anonymous_26)
FNDA:0,(anonymous_27)
FNDA:0,(anonymous_28)
FNDA:0,(anonymous_29)
FNDA:0,(anonymous_30)
FNDA:0,(anonymous_31)
FNDA:0,(anonymous_32)
FNDA:0,(anonymous_33)
FNDA:0,(anonymous_34)
FNDA:0,(anonymous_35)
FNDA:0,(anonymous_36)
FNDA:0,(anonymous_37)
FNDA:0,(anonymous_38)
FNDA:0,(anonymous_39)
FNDA:0,(anonymous_40)
FNDA:0,(anonymous_41)
FNDA:0,(anonymous_42)
FNDA:0,(anonymous_43)
FNDA:0,(anonymous_44)
FNDA:0,(anonymous_45)
FNDA:0,(anonymous_46)
FNDA:0,(anonymous_47)
FNDA:0,(anonymous_48)
FNDA:0,(anonymous_49)
FNDA:0,(anonymous_50)
FNDA:0,(anonymous_51)
FNDA:0,(anonymous_52)
FNDA:0,(anonymous_53)
FNDA:0,(anonymous_54)
FNDA:0,(anonymous_55)
FNDA:0,(anonymous_56)
FNDA:0,(anonymous_57)
FNDA:0,(anonymous_58)
FNDA:0,(anonymous_59)
FNDA:0,(anonymous_60)
FNDA:0,(anonymous_61)
FNDA:0,(anonymous_62)
FNDA:0,(anonymous_63)
FNDA:0,(anonymous_64)
FNDA:0,(anonymous_65)
FNDA:0,(anonymous_66)
FNDA:0,(anonymous_67)
FNDA:0,(anonymous_68)
FNDA:0,(anonymous_69)
FNDA:0,(anonymous_70)
FNDA:0,(anonymous_71)
FNDA:0,(anonymous_72)
FNDA:0,(anonymous_73)
FNDA:0,(anonymous_74)
FNDA:0,(anonymous_75)
FNDA:0,(anonymous_76)
FNDA:0,(anonymous_77)
FNDA:0,(anonymous_78)
FNDA:0,(anonymous_79)
FNDA:0,(anonymous_80)
FNDA:0,(anonymous_81)
FNDA:0,(anonymous_82)
FNDA:0,(anonymous_83)
FNDA:0,(anonymous_84)
FNDA:0,(anonymous_85)
FNDA:0,(anonymous_86)
FNDA:0,(anonymous_87)
FNDA:0,(anonymous_88)
FNDA:0,(anonymous_89)
FNDA:0,(anonymous_90)
FNDA:0,(anonymous_91)
FNDA:0,(anonymous_92)
FNDA:0,(anonymous_93)
FNDA:0,(anonymous_94)
FNDA:0,(anonymous_95)
FNDA:0,(anonymous_96)
FNDA:0,(anonymous_97)
FNDA:0,(anonymous_98)
FNDA:0,(anonymous_99)
FNDA:0,(anonymous_100)
FNDA:0,(anonymous_101)
FNDA:0,(anonymous_102)
FNDA:0,(anonymous_103)
FNDA:0,(anonymous_104)
FNDA:0,(anonymous_105)
FNDA:0,(anonymous_106)
FNDA:0,(anonymous_107)
FNDA:0,(anonymous_108)
FNDA:0,(anonymous_109)
FNDA:0,(anonymous_110)
FNDA:0,(anonymous_111)
FNDA:0,(anonymous_112)
FNDA:0,(anonymous_113)
FNDA:0,(anonymous_114)
FNDA:0,(anonymous_115)
FNDA:0,(anonymous_116)
FNDA:0,(anonymous_117)
FNDA:0,(anonymous_118)
FNDA:0,(anonymous_119)
FNDA:0,(anonymous_120)
FNDA:0,(anonymous_121)
FNDA:0,(anonymous_122)
FNDA:0,(anonymous_123)
FNDA:0,(anonymous_124)
FNDA:0,(anonymous_125)
FNDA:0,(anonymous_126)
FNDA:0,(anonymous_127)
FNDA:0,(anonymous_128)
FNDA:0,(anonymous_129)
FNDA:0,(anonymous_130)
FNDA:0,(anonymous_131)
FNDA:0,(anonymous_132)
FNDA:0,(anonymous_133)
FNDA:0,(anonymous_134)
FNDA:0,(anonymous_135)
FNDA:0,(anonymous_136)
FNDA:0,(anonymous_137)
FNDA:0,(anonymous_138)
FNDA:0,(anonymous_139)
FNDA:0,(anonymous_140)
FNDA:0,(anonymous_141)
FNDA:0,(anonymous_142)
FNDA:0,(anonymous_143)
FNDA:0,(anonymous_144)
FNDA:0,(anonymous_145)
FNDA:0,(anonymous_146)
FNDA:0,(anonymous_147)
FNDA:0,(anonymous_148)
FNDA:0,(anonymous_149)
FNDA:0,(anonymous_150)
FNDA:0,(anonymous_151)
FNDA:0,(anonymous_152)
FNDA:0,(anonymous_153)
FNDA:0,(anonymous_154)
FNDA:0,(anonymous_155)
FNDA:0,(anonymous_156)
FNDA:0,(anonymous_157)
FNDA:0,(anonymous_158)
FNDA:0,(anonymous_159)
FNDA:0,(anonymous_160)
FNDA:0,(anonymous_161)
FNDA:0,(anonymous_162)
FNDA:0,(anonymous_163)
FNDA:0,(anonymous_164)
FNDA:0,(anonymous_165)
FNDA:0,(anonymous_166)
FNDA:0,(anonymous_167)
FNDA:0,(anonymous_168)
FNDA:0,(anonymous_169)
FNDA:0,(anonymous_170)
FNDA:0,(anonymous_171)
FNDA:0,(anonymous_172)
FNDA:0,(anonymous_173)
FNDA:0,(anonymous_174)
FNDA:0,(anonymous_175)
FNDA:0,(anonymous_176)
FNDA:0,(anonymous_177)
FNDA:0,(anonymous_178)
FNDA:0,(anonymous_179)
FNDA:0,(anonymous_180)
FNDA:0,(anonymous_181)
FNDA:0,(anonymous_182)
FNDA:0,(anonymous_183)
FNDA:0,(anonymous_184)
FNDA:0,(anonymous_185)
FNDA:0,(anonymous_186)
FNDA:0,(anonymous_187)
FNDA:0,(anonymous_188)
FNDA:0,(anonymous_189)
FNDA:0,(anonymous_190)
FNDA:0,(anonymous_191)
FNDA:0,(anonymous_192)
FNDA:0,(anonymous_193)
FNDA:0,(anonymous_194)
FNDA:0,(anonymous_195)
FNDA:0,(anonymous_196)
FNDA:0,(anonymous_197)
FNDA:0,(anonymous_198)
FNDA:0,(anonymous_199)
FNDA:0,(anonymous_200)
FNDA:0,(anonymous_201)
FNDA:0,(anonymous_202)
FNDA:0,(anonymous_203)
FNDA:0,(anonymous_204)
FNDA:0,(anonymous_205)
DA:7,0
DA:8,0
DA:10,0
DA:50,0
DA:61,0
DA:63,0
DA:65,0
DA:66,0
DA:67,0
DA:72,0
DA:73,0
DA:74,0
DA:75,0
DA:78,0
DA:79,0
DA:80,0
DA:81,0
DA:84,0
DA:85,0
DA:89,0
DA:90,0
DA:91,0
DA:92,0
DA:93,0
DA:94,0
DA:95,0
DA:96,0
DA:97,0
DA:98,0
DA:99,0
DA:100,0
DA:102,0
DA:105,0
DA:107,0
DA:108,0
DA:109,0
DA:110,0
DA:114,0
DA:115,0
DA:116,0
DA:117,0
DA:121,0
DA:122,0
DA:123,0
DA:127,0
DA:128,0
DA:129,0
DA:131,0
DA:132,0
DA:133,0
DA:135,0
DA:139,0
DA:140,0
DA:141,0
DA:142,0
DA:146,0
DA:147,0
DA:148,0
DA:149,0
DA:152,0
DA:153,0
DA:154,0
DA:155,0
DA:158,0
DA:162,0
DA:163,0
DA:167,0
DA:168,0
DA:169,0
DA:170,0
DA:171,0
DA:174,0
DA:175,0
DA:178,0
DA:180,0
DA:181,0
DA:184,0
DA:185,0
DA:188,0
DA:198,0
DA:199,0
DA:200,0
DA:201,0
DA:202,0
DA:207,0
DA:208,0
DA:209,0
DA:210,0
DA:213,0
DA:214,0
DA:218,0
DA:219,0
DA:220,0
DA:222,0
DA:223,0
DA:224,0
DA:226,0
DA:227,0
DA:228,0
DA:230,0
DA:233,0
DA:234,0
DA:238,0
DA:239,0
DA:240,0
DA:245,0
DA:246,0
DA:247,0
DA:248,0
DA:253,0
DA:254,0
DA:255,0
DA:258,0
DA:259,0
DA:260,0
DA:261,0
DA:264,0
DA:265,0
DA:266,0
DA:268,0
DA:270,0
DA:271,0
DA:276,0
DA:278,0
DA:281,0
DA:284,0
DA:285,0
DA:287,0
DA:288,0
DA:291,0
DA:293,0
DA:299,0
DA:300,0
DA:310,0
DA:321,0
DA:322,0
DA:325,0
DA:326,0
DA:327,0
DA:331,0
DA:337,0
DA:338,0
DA:347,0
DA:348,0
DA:349,0
DA:350,0
DA:351,0
DA:353,0
DA:354,0
DA:355,0
DA:356,0
DA:357,0
DA:358,0
DA:360,0
DA:364,0
DA:365,0
DA:367,0
DA:369,0
DA:373,0
DA:376,0
DA:379,0
DA:380,0
DA:381,0
DA:384,0
DA:385,0
DA:388,0
DA:393,0
DA:394,0
DA:429,0
DA:430,0
DA:431,0
DA:434,0
DA:437,0
DA:438,0
DA:441,0
DA:442,0
DA:445,0
DA:447,0
DA:448,0
DA:449,0
DA:452,0
DA:453,0
DA:458,0
DA:465,0
DA:468,0
DA:469,0
DA:471,0
DA:472,0
DA:473,0
DA:474,0
DA:479,0
DA:480,0
DA:481,0
DA:484,0
DA:485,0
DA:486,0
DA:489,0
DA:498,0
DA:508,0
DA:509,0
DA:510,0
DA:513,0
DA:514,0
DA:515,0
DA:516,0
DA:519,0
DA:520,0
DA:521,0
DA:523,0
DA:525,0
DA:526,0
DA:527,0
DA:537,0
DA:541,0
DA:542,0
DA:545,0
DA:552,0
DA:555,0
DA:558,0
DA:559,0
DA:560,0
DA:561,0
DA:562,0
DA:564,0
DA:565,0
DA:570,0
DA:571,0
DA:573,0
DA:574,0
DA:575,0
DA:577,0
DA:628,0
DA:629,0
DA:632,0
DA:633,0
DA:636,0
DA:637,0
DA:640,0
DA:641,0
DA:644,0
DA:645,0
DA:649,0
DA:695,0
DA:696,0
DA:697,0
DA:698,0
DA:704,0
DA:705,0
DA:710,0
DA:713,0
DA:714,0
DA:719,0
DA:722,0
DA:723,0
DA:732,0
DA:735,0
DA:736,0
DA:744,0
DA:747,0
DA:779,0
DA:790,0
DA:805,0
DA:806,0
DA:808,0
DA:816,0
DA:823,0
DA:825,0
DA:826,0
DA:876,0
DA:901,0
DA:942,0
DA:962,0
DA:963,0
DA:964,0
DA:982,0
DA:993,0
DA:1004,0
DA:1026,0
DA:1032,0
DA:1044,0
DA:1063,0
DA:1069,0
DA:1079,0
DA:1096,0
DA:1106,0
DA:1122,0
DA:1125,0
DA:1149,0
DA:1152,0
DA:1178,0
DA:1193,0
DA:1203,0
DA:1219,0
DA:1240,0
DA:1246,0
DA:1256,0
DA:1268,0
DA:1281,0
DA:1291,0
DA:1337,0
DA:1344,0
DA:1360,0
DA:1412,0
DA:1437,0
DA:1438,0
DA:1449,0
DA:1450,0
DA:1519,0
DA:1521,0
DA:1522,0
DA:1524,0
DA:1559,0
DA:1561,0
DA:1564,0
DA:1567,0
DA:1568,0
DA:1573,0
DA:1574,0
DA:1575,0
DA:1577,0
DA:1620,0
DA:1622,0
DA:1623,0
DA:1624,0
DA:1625,0
DA:1626,0
DA:1627,0
DA:1628,0
DA:1629,0
DA:1630,0
DA:1631,0
DA:1633,0
DA:1637,0
DA:1638,0
DA:1641,0
DA:1677,0
DA:1678,0
DA:1679,0
DA:1680,0
DA:1693,0
DA:1717,0
DA:1731,0
DA:1732,0
DA:1733,0
DA:1748,0
DA:1749,0
DA:1780,0
DA:1782,0
DA:1783,0
DA:1784,0
DA:1799,0
DA:1811,0
DA:1812,0
DA:1813,0
DA:1887,0
DA:1890,0
DA:2052,0
DA:2053,0
DA:2054,0
DA:2055,0
DA:2058,0
DA:2122,0
DA:2123,0
DA:2124,0
DA:2125,0
DA:2128,0
DA:2239,0
DA:2246,0
DA:2444,0
DA:2445,0
DA:2456,0
DA:2457,0
DA:2519,0
DA:2523,0
DA:2524,0
DA:2525,0
DA:2526,0
DA:2527,0
DA:2528,0
DA:2531,0
DA:2539,0
DA:2607,0
DA:2635,0
DA:2636,0
DA:2637,0
DA:2651,0
DA:2664,0
DA:2677,0
DA:2688,0
DA:2705,0
DA:2712,0
DA:2726,0
DA:2743,0
DA:2751,0
DA:2769,0
DA:2786,0
DA:2794,0
DA:2811,0
DA:2890,0
DA:2891,0
DA:2892,0
DA:2894,0
DA:2895,0
DA:2951,0
DA:2969,0
DA:2980,0
DA:2996,0
DA:3139,0
DA:3298,0
DA:3299,0
DA:3300,0
DA:3301,0
DA:3302,0
DA:3303,0
DA:3306,0
DA:3307,0
DA:3310,0
DA:3312,0
DA:3313,0
DA:3314,0
DA:3316,0
DA:3317,0
DA:3320,0
DA:3321,0
DA:3322,0
DA:3323,0
DA:3411,0
DA:3431,0
DA:3432,0
DA:3433,0
DA:3434,0
DA:3435,0
DA:3436,0
DA:3439,0
DA:3440,0
DA:3443,0
DA:3445,0
DA:3446,0
DA:3447,0
DA:3449,0
DA:3450,0
DA:3453,0
DA:3454,0
DA:3455,0
DA:3456,0
DA:3486,0
DA:3509,0
DA:3510,0
DA:3511,0
DA:3512,0
DA:3513,0
DA:3514,0
DA:3517,0
DA:3518,0
DA:3521,0
DA:3523,0
DA:3524,0
DA:3525,0
DA:3527,0
DA:3528,0
DA:3531,0
DA:3532,0
DA:3533,0
DA:3534,0
DA:3715,0
DA:3716,0
DA:3717,0
DA:3722,0
DA:3746,0
DA:3757,0
DA:3768,0
DA:3779,0
DA:3791,0
DA:3905,0
DA:3907,0
DA:3908,0
DA:3910,0
DA:3945,0
DA:3947,0
DA:3950,0
DA:3953,0
DA:3954,0
DA:3959,0
DA:3960,0
DA:3961,0
DA:3963,0
DA:4006,0
DA:4008,0
DA:4009,0
DA:4010,0
DA:4011,0
DA:4012,0
DA:4013,0
DA:4014,0
DA:4015,0
DA:4016,0
DA:4017,0
DA:4019,0
DA:4023,0
DA:4024,0
DA:4036,0
DA:4054,0
DA:4064,0
DA:4065,0
DA:4066,0
DA:4068,0
DA:4097,0
DA:4098,0
DA:4099,0
DA:4100,0
DA:4115,0
DA:4135,0
DA:4149,0
DA:4150,0
DA:4151,0
DA:4166,0
DA:4167,0
DA:4226,0
DA:4237,0
DA:4252,0
DA:4253,0
DA:4255,0
DA:4264,0
DA:4271,0
DA:4272,0
DA:4273,0
DA:4322,0
DA:4347,0
DA:4389,0
DA:4410,0
DA:4411,0
DA:4412,0
DA:4430,0
DA:4441,0
DA:4452,0
DA:4473,0
DA:4479,0
DA:4492,0
DA:4511,0
DA:4517,0
DA:4528,0
DA:4545,0
DA:4555,0
DA:4571,0
DA:4574,0
DA:4598,0
DA:4601,0
DA:4627,0
DA:4642,0
DA:4652,0
DA:4668,0
DA:4689,0
DA:4695,0
DA:4705,0
DA:4717,0
DA:4730,0
DA:4740,0
DA:4785,0
DA:4792,0
DA:4799,0
DA:4851,0
DA:4876,0
DA:4877,0
DA:4888,0
DA:4889,0
LF:565
LH:0
BRDA:7,0,0,0
BRDA:7,1,0,0
BRDA:7,2,0,0
BRDA:7,3,0,0
BRDA:7,4,0,0
BRDA:7,5,0,0
BRDA:13,6,0,0
BRDA:13,6,1,0
BRDA:16,7,0,0
BRDA:16,7,1,0
BRDA:17,8,0,0
BRDA:17,8,1,0
BRDA:22,9,0,0
BRDA:22,9,1,0
BRDA:25,10,0,0
BRDA:25,10,1,0
BRDA:42,11,0,0
BRDA:42,11,1,0
BRDA:51,12,0,0
BRDA:52,13,0,0
BRDA:53,14,0,0
BRDA:54,15,0,0
BRDA:55,16,0,0
BRDA:56,17,0,0
BRDA:57,18,0,0
BRDA:58,19,0,0
BRDA:85,20,0,0
BRDA:85,20,1,0
BRDA:109,21,0,0
BRDA:109,21,1,0
BRDA:116,22,0,0
BRDA:116,22,1,0
BRDA:131,23,0,0
BRDA:131,23,1,0
BRDA:140,24,0,0
BRDA:140,24,1,0
BRDA:147,25,0,0
BRDA:147,25,1,0
BRDA:147,26,0,0
BRDA:147,26,1,0
BRDA:152,27,0,0
BRDA:152,27,1,0
BRDA:152,28,0,0
BRDA:152,28,1,0
BRDA:152,28,2,0
BRDA:154,29,0,0
BRDA:154,29,1,0
BRDA:155,30,0,0
BRDA:155,30,1,0
BRDA:168,31,0,0
BRDA:168,31,1,0
BRDA:178,32,0,0
BRDA:178,32,1,0
BRDA:199,33,0,0
BRDA:199,33,1,0
BRDA:199,34,0,0
BRDA:199,34,1,0
BRDA:201,35,0,0
BRDA:201,35,1,0
BRDA:201,36,0,0
BRDA:201,36,1,0
BRDA:209,37,0,0
BRDA:209,37,1,0
BRDA:209,38,0,0
BRDA:209,38,1,0
BRDA:220,39,0,0
BRDA:220,39,1,0
BRDA:226,40,0,0
BRDA:226,40,1,0
BRDA:239,41,0,0
BRDA:239,41,1,0
BRDA:239,42,0,0
BRDA:239,42,1,0
BRDA:254,43,0,0
BRDA:254,43,1,0
BRDA:265,44,0,0
BRDA:265,44,1,0
BRDA:276,45,0,0
BRDA:281,46,0,0
BRDA:281,46,1,0
BRDA:281,47,0,0
BRDA:281,47,1,0
BRDA:284,48,0,0
BRDA:284,48,1,0
BRDA:288,49,0,0
BRDA:288,49,1,0
BRDA:291,50,0,0
BRDA:291,50,1,0
BRDA:314,51,0,0
BRDA:314,51,1,0
BRDA:322,52,0,0
BRDA:322,52,1,0
BRDA:326,53,0,0
BRDA:326,53,1,0
BRDA:326,54,0,0
BRDA:326,54,1,0
BRDA:337,55,0,0
BRDA:337,55,1,0
BRDA:349,56,0,0
BRDA:349,56,1,0
BRDA:349,57,0,0
BRDA:349,57,1,0
BRDA:351,58,0,0
BRDA:351,58,1,0
BRDA:355,59,0,0
BRDA:355,59,1,0
BRDA:356,60,0,0
BRDA:356,60,1,0
BRDA:358,61,0,0
BRDA:358,61,1,0
BRDA:364,62,0,0
BRDA:364,62,1,0
BRDA:385,63,0,0
BRDA:385,63,1,0
BRDA:429,64,0,0
BRDA:429,64,1,0
BRDA:442,65,0,0
BRDA:442,65,1,0
BRDA:442,66,0,0
BRDA:442,66,1,0
BRDA:449,67,0,0
BRDA:449,67,1,0
BRDA:469,68,0,0
BRDA:469,68,1,0
BRDA:471,69,0,0
BRDA:471,69,1,0
BRDA:480,70,0,0
BRDA:480,70,1,0
BRDA:485,71,0,0
BRDA:485,71,1,0
BRDA:492,72,0,0
BRDA:492,72,1,0
BRDA:498,73,0,0
BRDA:498,73,1,0
BRDA:498,73,2,0
BRDA:498,73,3,0
BRDA:508,74,0,0
BRDA:508,74,1,0
BRDA:520,75,0,0
BRDA:520,75,1,0
BRDA:523,76,0,0
BRDA:523,76,1,0
BRDA:523,77,0,0
BRDA:523,77,1,0
BRDA:531,78,0,0
BRDA:531,78,1,0
BRDA:542,79,0,0
BRDA:542,79,1,0
BRDA:542,80,0,0
BRDA:542,80,1,0
BRDA:559,81,0,0
BRDA:559,81,1,0
BRDA:564,82,0,0
BRDA:564,82,1,0
BRDA:571,83,0,0
BRDA:571,83,1,0
BRDA:573,84,0,0
BRDA:573,84,1,0
BRDA:574,85,0,0
BRDA:574,85,1,0
BRDA:574,86,0,0
BRDA:574,86,1,0
BRDA:574,87,0,0
BRDA:574,87,1,0
BRDA:575,88,0,0
BRDA:575,88,1,0
BRDA:575,89,0,0
BRDA:575,89,1,0
BRDA:575,90,0,0
BRDA:575,90,1,0
BRDA:578,91,0,0
BRDA:578,91,1,0
BRDA:579,92,0,0
BRDA:579,92,1,0
BRDA:580,93,0,0
BRDA:580,93,1,0
BRDA:581,94,0,0
BRDA:581,94,1,0
BRDA:582,95,0,0
BRDA:582,95,1,0
BRDA:583,96,0,0
BRDA:583,96,1,0
BRDA:584,97,0,0
BRDA:584,97,1,0
BRDA:585,98,0,0
BRDA:585,98,1,0
BRDA:586,99,0,0
BRDA:586,99,1,0
BRDA:587,100,0,0
BRDA:587,100,1,0
BRDA:588,101,0,0
BRDA:588,101,1,0
BRDA:589,102,0,0
BRDA:589,102,1,0
BRDA:590,103,0,0
BRDA:590,103,1,0
BRDA:591,104,0,0
BRDA:591,104,1,0
BRDA:592,105,0,0
BRDA:592,105,1,0
BRDA:593,106,0,0
BRDA:593,106,1,0
BRDA:594,107,0,0
BRDA:594,107,1,0
BRDA:597,108,0,0
BRDA:597,108,1,0
BRDA:598,109,0,0
BRDA:598,109,1,0
BRDA:599,110,0,0
BRDA:599,110,1,0
BRDA:600,111,0,0
BRDA:600,111,1,0
BRDA:601,112,0,0
BRDA:601,112,1,0
BRDA:602,113,0,0
BRDA:602,113,1,0
BRDA:603,114,0,0
BRDA:603,114,1,0
BRDA:604,115,0,0
BRDA:604,115,1,0
BRDA:605,116,0,0
BRDA:605,116,1,0
BRDA:606,117,0,0
BRDA:606,117,1,0
BRDA:607,118,0,0
BRDA:607,118,1,0
BRDA:608,119,0,0
BRDA:608,119,1,0
BRDA:609,120,0,0
BRDA:609,120,1,0
BRDA:610,121,0,0
BRDA:610,121,1,0
BRDA:611,122,0,0
BRDA:611,122,1,0
BRDA:620,123,0,0
BRDA:620,123,1,0
BRDA:620,124,0,0
BRDA:620,124,1,0
BRDA:622,125,0,0
BRDA:622,125,1,0
BRDA:628,126,0,0
BRDA:628,126,1,0
BRDA:629,127,0,0
BRDA:629,127,1,0
BRDA:641,128,0,0
BRDA:641,128,1,0
BRDA:654,129,0,0
BRDA:654,129,1,0
BRDA:655,130,0,0
BRDA:655,130,1,0
BRDA:656,131,0,0
BRDA:656,131,1,0
BRDA:657,132,0,0
BRDA:657,132,1,0
BRDA:658,133,0,0
BRDA:658,133,1,0
BRDA:659,134,0,0
BRDA:659,134,1,0
BRDA:660,135,0,0
BRDA:660,135,1,0
BRDA:661,136,0,0
BRDA:661,136,1,0
BRDA:662,137,0,0
BRDA:662,137,1,0
BRDA:663,138,0,0
BRDA:663,138,1,0
BRDA:664,139,0,0
BRDA:664,139,1,0
BRDA:665,140,0,0
BRDA:665,140,1,0
BRDA:666,141,0,0
BRDA:666,141,1,0
BRDA:667,142,0,0
BRDA:667,142,1,0
BRDA:668,143,0,0
BRDA:668,143,1,0
BRDA:669,144,0,0
BRDA:669,144,1,0
BRDA:673,145,0,0
BRDA:673,145,1,0
BRDA:674,146,0,0
BRDA:674,146,1,0
BRDA:678,147,0,0
BRDA:678,147,1,0
BRDA:678,148,0,0
BRDA:678,148,1,0
BRDA:681,149,0,0
BRDA:681,149,1,0
BRDA:682,150,0,0
BRDA:682,150,1,0
BRDA:683,151,0,0
BRDA:683,151,1,0
BRDA:684,152,0,0
BRDA:684,152,1,0
BRDA:687,153,0,0
BRDA:687,153,1,0
BRDA:688,154,0,0
BRDA:688,154,1,0
BRDA:689,155,0,0
BRDA:689,155,1,0
BRDA:690,156,0,0
BRDA:690,156,1,0
BRDA:696,157,0,0
BRDA:696,157,1,0
BRDA:697,158,0,0
BRDA:697,158,1,0
BRDA:710,159,0,0
BRDA:710,159,1,0
BRDA:719,160,0,0
BRDA:719,160,1,0
BRDA:732,161,0,0
BRDA:732,161,1,0
BRDA:744,162,0,0
BRDA:744,162,1,0
BRDA:768,163,0,0
BRDA:768,163,1,0
BRDA:773,164,0,0
BRDA:773,164,1,0
BRDA:774,165,0,0
BRDA:774,165,1,0
BRDA:781,166,0,0
BRDA:781,166,1,0
BRDA:781,167,0,0
BRDA:781,167,1,0
BRDA:782,168,0,0
BRDA:782,168,1,0
BRDA:783,169,0,0
BRDA:783,169,1,0
BRDA:792,170,0,0
BRDA:792,170,1,0
BRDA:793,171,0,0
BRDA:793,171,1,0
BRDA:794,172,0,0
BRDA:794,172,1,0
BRDA:802,173,0,0
BRDA:802,173,1,0
BRDA:802,174,0,0
BRDA:802,174,1,0
BRDA:806,175,0,0
BRDA:806,175,1,0
BRDA:811,176,0,0
BRDA:811,176,1,0
BRDA:815,177,0,0
BRDA:815,177,1,0
BRDA:825,178,0,0
BRDA:825,178,1,0
BRDA:831,179,0,0
BRDA:831,179,1,0
BRDA:834,180,0,0
BRDA:834,180,1,0
BRDA:835,181,0,0
BRDA:835,181,1,0
BRDA:836,182,0,0
BRDA:836,182,1,0
BRDA:840,183,0,0
BRDA:840,183,1,0
BRDA:848,184,0,0
BRDA:848,184,1,0
BRDA:849,185,0,0
BRDA:849,185,1,0
BRDA:853,186,0,0
BRDA:853,186,1,0
BRDA:854,187,0,0
BRDA:854,187,1,0
BRDA:859,188,0,0
BRDA:859,188,1,0
BRDA:863,189,0,0
BRDA:863,189,1,0
BRDA:870,190,0,0
BRDA:870,190,1,0
BRDA:903,191,0,0
BRDA:903,191,1,0
BRDA:910,192,0,0
BRDA:910,192,1,0
BRDA:911,193,0,0
BRDA:911,193,1,0
BRDA:914,194,0,0
BRDA:914,194,1,0
BRDA:936,195,0,0
BRDA:936,195,1,0
BRDA:941,196,0,0
BRDA:941,196,1,0
BRDA:942,197,0,0
BRDA:942,197,1,0
BRDA:944,198,0,0
BRDA:944,198,1,0
BRDA:950,199,0,0
BRDA:950,199,1,0
BRDA:964,200,0,0
BRDA:964,200,1,0
BRDA:976,201,0,0
BRDA:976,201,1,0
BRDA:982,202,0,0
BRDA:982,202,1,0
BRDA:984,203,0,0
BRDA:984,203,1,0
BRDA:985,204,0,0
BRDA:985,204,1,0
BRDA:986,205,0,0
BRDA:986,205,1,0
BRDA:993,206,0,0
BRDA:993,206,1,0
BRDA:995,207,0,0
BRDA:995,207,1,0
BRDA:996,208,0,0
BRDA:996,208,1,0
BRDA:997,209,0,0
BRDA:997,209,1,0
BRDA:1004,210,0,0
BRDA:1004,210,1,0
BRDA:1006,211,0,0
BRDA:1006,211,1,0
BRDA:1007,212,0,0
BRDA:1007,212,1,0
BRDA:1008,213,0,0
BRDA:1008,213,1,0
BRDA:1019,214,0,0
BRDA:1019,214,1,0
BRDA:1025,215,0,0
BRDA:1025,215,1,0
BRDA:1026,216,0,0
BRDA:1026,216,1,0
BRDA:1031,217,0,0
BRDA:1031,217,1,0
BRDA:1032,218,0,0
BRDA:1032,218,1,0
BRDA:1033,219,0,0
BRDA:1033,219,1,0
BRDA:1043,220,0,0
BRDA:1043,220,1,0
BRDA:1044,221,0,0
BRDA:1044,221,1,0
BRDA:1047,222,0,0
BRDA:1047,222,1,0
BRDA:1052,223,0,0
BRDA:1052,223,1,0
BRDA:1056,224,0,0
BRDA:1056,224,1,0
BRDA:1062,225,0,0
BRDA:1062,225,1,0
BRDA:1063,226,0,0
BRDA:1063,226,1,0
BRDA:1068,227,0,0
BRDA:1068,227,1,0
BRDA:1069,228,0,0
BRDA:1069,228,1,0
BRDA:1070,229,0,0
BRDA:1070,229,1,0
BRDA:1078,230,0,0
BRDA:1078,230,1,0
BRDA:1079,231,0,0
BRDA:1079,231,1,0
BRDA:1095,232,0,0
BRDA:1095,232,1,0
BRDA:1096,233,0,0
BRDA:1096,233,1,0
BRDA:1105,234,0,0
BRDA:1105,234,1,0
BRDA:1106,235,0,0
BRDA:1106,235,1,0
BRDA:1117,236,0,0
BRDA:1117,236,1,0
BRDA:1125,237,0,0
BRDA:1125,237,1,0
BRDA:1127,238,0,0
BRDA:1127,238,1,0
BRDA:1128,239,0,0
BRDA:1128,239,1,0
BRDA:1129,240,0,0
BRDA:1129,240,1,0
BRDA:1132,241,0,0
BRDA:1132,241,1,0
BRDA:1133,242,0,0
BRDA:1133,242,1,0
BRDA:1134,243,0,0
BRDA:1134,243,1,0
BRDA:1135,244,0,0
BRDA:1135,244,1,0
BRDA:1143,245,0,0
BRDA:1143,245,1,0
BRDA:1152,246,0,0
BRDA:1152,246,1,0
BRDA:1154,247,0,0
BRDA:1154,247,1,0
BRDA:1156,248,0,0
BRDA:1156,248,1,0
BRDA:1158,249,0,0
BRDA:1158,249,1,0
BRDA:1168,250,0,0
BRDA:1168,250,1,0
BRDA:1173,251,0,0
BRDA:1173,251,1,0
BRDA:1177,252,0,0
BRDA:1177,252,1,0
BRDA:1178,253,0,0
BRDA:1178,253,1,0
BRDA:1192,254,0,0
BRDA:1192,254,1,0
BRDA:1193,255,0,0
BRDA:1193,255,1,0
BRDA:1202,256,0,0
BRDA:1202,256,1,0
BRDA:1203,257,0,0
BRDA:1203,257,1,0
BRDA:1218,258,0,0
BRDA:1218,258,1,0
BRDA:1219,259,0,0
BRDA:1219,259,1,0
BRDA:1222,260,0,0
BRDA:1222,260,1,0
BRDA:1227,261,0,0
BRDA:1227,261,1,0
BRDA:1233,262,0,0
BRDA:1233,262,1,0
BRDA:1239,263,0,0
BRDA:1239,263,1,0
BRDA:1240,264,0,0
BRDA:1240,264,1,0
BRDA:1245,265,0,0
BRDA:1245,265,1,0
BRDA:1246,266,0,0
BRDA:1246,266,1,0
BRDA:1247,267,0,0
BRDA:1247,267,1,0
BRDA:1255,268,0,0
BRDA:1255,268,1,0
BRDA:1256,269,0,0
BRDA:1256,269,1,0
BRDA:1267,270,0,0
BRDA:1267,270,1,0
BRDA:1268,271,0,0
BRDA:1268,271,1,0
BRDA:1280,272,0,0
BRDA:1280,272,1,0
BRDA:1281,273,0,0
BRDA:1281,273,1,0
BRDA:1290,274,0,0
BRDA:1290,274,1,0
BRDA:1291,275,0,0
BRDA:1291,275,1,0
BRDA:1313,276,0,0
BRDA:1313,276,1,0
BRDA:1316,277,0,0
BRDA:1316,277,1,0
BRDA:1322,278,0,0
BRDA:1322,278,1,0
BRDA:1329,279,0,0
BRDA:1329,279,1,0
BRDA:1330,280,0,0
BRDA:1330,280,1,0
BRDA:1340,281,0,0
BRDA:1340,281,1,0
BRDA:1341,282,0,0
BRDA:1341,282,1,0
BRDA:1342,283,0,0
BRDA:1342,283,1,0
BRDA:1343,284,0,0
BRDA:1343,284,1,0
BRDA:1348,285,0,0
BRDA:1348,285,1,0
BRDA:1353,286,0,0
BRDA:1353,286,1,0
BRDA:1360,287,0,0
BRDA:1360,287,1,0
BRDA:1365,288,0,0
BRDA:1365,288,1,0
BRDA:1366,289,0,0
BRDA:1366,289,1,0
BRDA:1368,290,0,0
BRDA:1368,290,1,0
BRDA:1369,291,0,0
BRDA:1369,291,1,0
BRDA:1370,292,0,0
BRDA:1370,292,1,0
BRDA:1371,293,0,0
BRDA:1371,293,1,0
BRDA:1372,294,0,0
BRDA:1372,294,1,0
BRDA:1373,295,0,0
BRDA:1373,295,1,0
BRDA:1374,296,0,0
BRDA:1374,296,1,0
BRDA:1375,297,0,0
BRDA:1375,297,1,0
BRDA:1379,298,0,0
BRDA:1379,298,1,0
BRDA:1379,299,0,0
BRDA:1379,299,1,0
BRDA:1379,300,0,0
BRDA:1379,300,1,0
BRDA:1379,301,0,0
BRDA:1379,301,1,0
BRDA:1382,302,0,0
BRDA:1382,302,1,0
BRDA:1386,303,0,0
BRDA:1386,303,1,0
BRDA:1387,304,0,0
BRDA:1387,304,1,0
BRDA:1390,305,0,0
BRDA:1390,305,1,0
BRDA:1396,306,0,0
BRDA:1396,306,1,0
BRDA:1396,307,0,0
BRDA:1396,307,1,0
BRDA:1408,308,0,0
BRDA:1408,308,1,0
BRDA:1411,309,0,0
BRDA:1411,309,1,0
BRDA:1421,310,0,0
BRDA:1421,310,1,0
BRDA:1423,311,0,0
BRDA:1423,311,1,0
BRDA:1426,312,0,0
BRDA:1426,312,1,0
BRDA:1429,313,0,0
BRDA:1429,313,1,0
BRDA:1441,314,0,0
BRDA:1441,314,1,0
BRDA:1453,315,0,0
BRDA:1453,315,1,0
BRDA:1465,316,0,0
BRDA:1465,316,1,0
BRDA:1467,317,0,0
BRDA:1467,317,1,0
BRDA:1470,318,0,0
BRDA:1470,318,1,0
BRDA:1471,319,0,0
BRDA:1471,319,1,0
BRDA:1487,320,0,0
BRDA:1487,320,1,0
BRDA:1489,321,0,0
BRDA:1489,321,1,0
BRDA:1489,322,0,0
BRDA:1489,322,1,0
BRDA:1491,323,0,0
BRDA:1491,323,1,0
BRDA:1497,324,0,0
BRDA:1497,324,1,0
BRDA:1497,325,0,0
BRDA:1497,325,1,0
BRDA:1504,326,0,0
BRDA:1504,326,1,0
BRDA:1508,327,0,0
BRDA:1508,327,1,0
BRDA:1519,328,0,0
BRDA:1519,328,1,0
BRDA:1519,329,0,0
BRDA:1519,329,1,0
BRDA:1521,330,0,0
BRDA:1521,330,1,0
BRDA:1522,331,0,0
BRDA:1522,331,1,0
BRDA:1525,332,0,0
BRDA:1525,332,1,0
BRDA:1526,333,0,0
BRDA:1526,333,1,0
BRDA:1527,334,0,0
BRDA:1527,334,1,0
BRDA:1528,335,0,0
BRDA:1528,335,1,0
BRDA:1529,336,0,0
BRDA:1529,336,1,0
BRDA:1530,337,0,0
BRDA:1530,337,1,0
BRDA:1531,338,0,0
BRDA:1531,338,1,0
BRDA:1532,339,0,0
BRDA:1532,339,1,0
BRDA:1533,340,0,0
BRDA:1533,340,1,0
BRDA:1534,341,0,0
BRDA:1534,341,1,0
BRDA:1535,342,0,0
BRDA:1535,342,1,0
BRDA:1536,343,0,0
BRDA:1536,343,1,0
BRDA:1537,344,0,0
BRDA:1537,344,1,0
BRDA:1538,345,0,0
BRDA:1538,345,1,0
BRDA:1539,346,0,0
BRDA:1539,346,1,0
BRDA:1540,347,0,0
BRDA:1540,347,1,0
BRDA:1541,348,0,0
BRDA:1541,348,1,0
BRDA:1542,349,0,0
BRDA:1542,349,1,0
BRDA:1543,350,0,0
BRDA:1543,350,1,0
BRDA:1544,351,0,0
BRDA:1544,351,1,0
BRDA:1545,352,0,0
BRDA:1545,352,1,0
BRDA:1546,353,0,0
BRDA:1546,353,1,0
BRDA:1547,354,0,0
BRDA:1547,354,1,0
BRDA:1548,355,0,0
BRDA:1548,355,1,0
BRDA:1549,356,0,0
BRDA:1549,356,1,0
BRDA:1550,357,0,0
BRDA:1550,357,1,0
BRDA:1551,358,0,0
BRDA:1551,358,1,0
BRDA:1552,359,0,0
BRDA:1552,359,1,0
BRDA:1553,360,0,0
BRDA:1553,360,1,0
BRDA:1554,361,0,0
BRDA:1554,361,1,0
BRDA:1555,362,0,0
BRDA:1555,362,1,0
BRDA:1556,363,0,0
BRDA:1556,363,1,0
BRDA:1557,364,0,0
BRDA:1557,364,1,0
BRDA:1559,365,0,0
BRDA:1559,365,1,0
BRDA:1559,366,0,0
BRDA:1559,366,1,0
BRDA:1567,367,0,0
BRDA:1567,367,1,0
BRDA:1567,368,0,0
BRDA:1567,368,1,0
BRDA:1573,369,0,0
BRDA:1573,369,1,0
BRDA:1582,370,0,0
BRDA:1582,370,1,0
BRDA:1583,371,0,0
BRDA:1583,371,1,0
BRDA:1584,372,0,0
BRDA:1584,372,1,0
BRDA:1585,373,0,0
BRDA:1585,373,1,0
BRDA:1586,374,0,0
BRDA:1586,374,1,0
BRDA:1587,375,0,0
BRDA:1587,375,1,0
BRDA:1588,376,0,0
BRDA:1588,376,1,0
BRDA:1589,377,0,0
BRDA:1589,377,1,0
BRDA:1589,378,0,0
BRDA:1589,378,1,0
BRDA:1589,379,0,0
BRDA:1589,379,1,0
BRDA:1590,380,0,0
BRDA:1590,380,1,0
BRDA:1591,381,0,0
BRDA:1591,381,1,0
BRDA:1592,382,0,0
BRDA:1592,382,1,0
BRDA:1593,383,0,0
BRDA:1593,383,1,0
BRDA:1593,384,0,0
BRDA:1593,384,1,0
BRDA:1594,385,0,0
BRDA:1594,385,1,0
BRDA:1596,386,0,0
BRDA:1596,386,1,0
BRDA:1596,387,0,0
BRDA:1596,387,1,0
BRDA:1597,388,0,0
BRDA:1597,388,1,0
BRDA:1599,389,0,0
BRDA:1599,389,1,0
BRDA:1599,390,0,0
BRDA:1599,390,1,0
BRDA:1600,391,0,0
BRDA:1600,391,1,0
BRDA:1600,392,0,0
BRDA:1600,392,1,0
BRDA:1602,393,0,0
BRDA:1602,393,1,0
BRDA:1603,394,0,0
BRDA:1603,394,1,0
BRDA:1605,395,0,0
BRDA:1605,395,1,0
BRDA:1606,396,0,0
BRDA:1606,396,1,0
BRDA:1608,397,0,0
BRDA:1608,397,1,0
BRDA:1609,398,0,0
BRDA:1609,398,1,0
BRDA:1609,399,0,0
BRDA:1609,399,1,0
BRDA:1611,400,0,0
BRDA:1611,400,1,0
BRDA:1612,401,0,0
BRDA:1612,401,1,0
BRDA:1612,402,0,0
BRDA:1612,402,1,0
BRDA:1622,403,0,0
BRDA:1622,403,1,0
BRDA:1622,404,0,0
BRDA:1622,404,1,0
BRDA:1623,405,0,0
BRDA:1623,405,1,0
BRDA:1624,406,0,0
BRDA:1624,406,1,0
BRDA:1624,407,0,0
BRDA:1624,407,1,0
BRDA:1625,408,0,0
BRDA:1625,408,1,0
BRDA:1626,409,0,0
BRDA:1626,409,1,0
BRDA:1626,410,0,0
BRDA:1626,410,1,0
BRDA:1628,411,0,0
BRDA:1628,411,1,0
BRDA:1630,412,0,0
BRDA:1630,412,1,0
BRDA:1637,413,0,0
BRDA:1637,413,1,0
BRDA:1637,414,0,0
BRDA:1637,414,1,0
BRDA:1637,414,2,0
BRDA:1648,415,0,0
BRDA:1648,415,1,0
BRDA:1653,416,0,0
BRDA:1653,416,1,0
BRDA:1654,417,0,0
BRDA:1654,417,1,0
BRDA:1656,418,0,0
BRDA:1656,418,1,0
BRDA:1657,419,0,0
BRDA:1657,419,1,0
BRDA:1658,420,0,0
BRDA:1658,420,1,0
BRDA:1664,421,0,0
BRDA:1664,421,1,0
BRDA:1669,422,0,0
BRDA:1669,422,1,0
BRDA:1677,423,0,0
BRDA:1677,423,1,0
BRDA:1680,424,0,0
BRDA:1680,424,1,0
BRDA:1689,425,0,0
BRDA:1689,425,1,0
BRDA:1695,426,0,0
BRDA:1695,426,1,0
BRDA:1696,427,0,0
BRDA:1696,427,1,0
BRDA:1697,428,0,0
BRDA:1697,428,1,0
BRDA:1707,429,0,0
BRDA:1707,429,1,0
BRDA:1710,430,0,0
BRDA:1710,430,1,0
BRDA:1719,431,0,0
BRDA:1719,431,1,0
BRDA:1731,432,0,0
BRDA:1731,432,1,0
BRDA:1736,433,0,0
BRDA:1736,433,1,0
BRDA:1738,434,0,0
BRDA:1738,434,1,0
BRDA:1738,435,0,0
BRDA:1738,435,1,0
BRDA:1739,436,0,0
BRDA:1739,436,1,0
BRDA:1740,437,0,0
BRDA:1740,437,1,0
BRDA:1752,438,0,0
BRDA:1752,438,1,0
BRDA:1767,439,0,0
BRDA:1767,439,1,0
BRDA:1769,440,0,0
BRDA:1769,440,1,0
BRDA:1770,441,0,0
BRDA:1770,441,1,0
BRDA:1774,442,0,0
BRDA:1774,442,1,0
BRDA:1782,443,0,0
BRDA:1782,443,1,0
BRDA:1782,444,0,0
BRDA:1782,444,1,0
BRDA:1789,445,0,0
BRDA:1789,445,1,0
BRDA:1801,446,0,0
BRDA:1801,446,1,0
BRDA:1811,447,0,0
BRDA:1811,447,1,0
BRDA:1818,448,0,0
BRDA:1818,448,1,0
BRDA:1819,449,0,0
BRDA:1819,449,1,0
BRDA:1820,450,0,0
BRDA:1820,450,1,0
BRDA:1837,451,0,0
BRDA:1837,451,1,0
BRDA:1840,452,0,0
BRDA:1840,452,1,0
BRDA:1843,453,0,0
BRDA:1843,453,1,0
BRDA:1843,454,0,0
BRDA:1843,454,1,0
BRDA:1846,455,0,0
BRDA:1846,455,1,0
BRDA:1892,456,0,0
BRDA:1892,456,1,0
BRDA:1893,457,0,0
BRDA:1893,457,1,0
BRDA:1896,458,0,0
BRDA:1896,458,1,0
BRDA:1910,459,0,0
BRDA:1910,459,1,0
BRDA:1914,460,0,0
BRDA:1914,460,1,0
BRDA:1917,461,0,0
BRDA:1917,461,1,0
BRDA:1926,462,0,0
BRDA:1926,462,1,0
BRDA:1939,463,0,0
BRDA:1939,463,1,0
BRDA:1945,464,0,0
BRDA:1945,464,1,0
BRDA:1953,465,0,0
BRDA:1953,465,1,0
BRDA:2007,466,0,0
BRDA:2007,466,1,0
BRDA:2012,467,0,0
BRDA:2012,467,1,0
BRDA:2019,468,0,0
BRDA:2019,468,1,0
BRDA:2026,469,0,0
BRDA:2026,469,1,0
BRDA:2039,470,0,0
BRDA:2039,470,1,0
BRDA:2047,471,0,0
BRDA:2047,471,1,0
BRDA:2052,472,0,0
BRDA:2052,472,1,0
BRDA:2052,473,0,0
BRDA:2052,473,1,0
BRDA:2054,474,0,0
BRDA:2054,474,1,0
BRDA:2054,475,0,0
BRDA:2054,475,1,0
BRDA:2054,475,2,0
BRDA:2054,475,3,0
BRDA:2066,476,0,0
BRDA:2066,476,1,0
BRDA:2073,477,0,0
BRDA:2073,477,1,0
BRDA:2085,478,0,0
BRDA:2085,478,1,0
BRDA:2090,479,0,0
BRDA:2090,479,1,0
BRDA:2097,480,0,0
BRDA:2097,480,1,0
BRDA:2109,481,0,0
BRDA:2109,481,1,0
BRDA:2117,482,0,0
BRDA:2117,482,1,0
BRDA:2122,483,0,0
BRDA:2122,483,1,0
BRDA:2122,484,0,0
BRDA:2122,484,1,0
BRDA:2124,485,0,0
BRDA:2124,485,1,0
BRDA:2124,486,0,0
BRDA:2124,486,1,0
BRDA:2124,486,2,0
BRDA:2124,486,3,0
BRDA:2136,487,0,0
BRDA:2136,487,1,0
BRDA:2145,488,0,0
BRDA:2145,488,1,0
BRDA:2158,489,0,0
BRDA:2158,489,1,0
BRDA:2163,490,0,0
BRDA:2163,490,1,0
BRDA:2170,491,0,0
BRDA:2170,491,1,0
BRDA:2183,492,0,0
BRDA:2183,492,1,0
BRDA:2188,493,0,0
BRDA:2188,493,1,0
BRDA:2195,494,0,0
BRDA:2195,494,1,0
BRDA:2196,495,0,0
BRDA:2196,495,1,0
BRDA:2199,496,0,0
BRDA:2199,496,1,0
BRDA:2207,497,0,0
BRDA:2207,497,1,0
BRDA:2211,498,0,0
BRDA:2211,498,1,0
BRDA:2217,499,0,0
BRDA:2217,499,1,0
BRDA:2223,500,0,0
BRDA:2223,500,1,0
BRDA:2230,501,0,0
BRDA:2230,501,1,0
BRDA:2231,502,0,0
BRDA:2231,502,1,0
BRDA:2242,503,0,0
BRDA:2242,503,1,0
BRDA:2243,504,0,0
BRDA:2243,504,1,0
BRDA:2244,505,0,0
BRDA:2244,505,1,0
BRDA:2245,506,0,0
BRDA:2245,506,1,0
BRDA:2246,507,0,0
BRDA:2246,507,1,0
BRDA:2250,508,0,0
BRDA:2250,508,1,0
BRDA:2255,509,0,0
BRDA:2255,509,1,0
BRDA:2261,510,0,0
BRDA:2261,510,1,0
BRDA:2264,511,0,0
BRDA:2264,511,1,0
BRDA:2268,512,0,0
BRDA:2268,512,1,0
BRDA:2269,513,0,0
BRDA:2269,513,1,0
BRDA:2271,514,0,0
BRDA:2271,514,1,0
BRDA:2272,515,0,0
BRDA:2272,515,1,0
BRDA:2273,516,0,0
BRDA:2273,516,1,0
BRDA:2274,517,0,0
BRDA:2274,517,1,0
BRDA:2275,518,0,0
BRDA:2275,518,1,0
BRDA:2279,519,0,0
BRDA:2279,519,1,0
BRDA:2279,520,0,0
BRDA:2279,520,1,0
BRDA:2282,521,0,0
BRDA:2282,521,1,0
BRDA:2286,522,0,0
BRDA:2286,522,1,0
BRDA:2287,523,0,0
BRDA:2287,523,1,0
BRDA:2290,524,0,0
BRDA:2290,524,1,0
BRDA:2301,525,0,0
BRDA:2301,525,1,0
BRDA:2305,526,0,0
BRDA:2305,526,1,0
BRDA:2306,527,0,0
BRDA:2306,527,1,0
BRDA:2308,528,0,0
BRDA:2308,528,1,0
BRDA:2309,529,0,0
BRDA:2309,529,1,0
BRDA:2310,530,0,0
BRDA:2310,530,1,0
BRDA:2311,531,0,0
BRDA:2311,531,1,0
BRDA:2312,532,0,0
BRDA:2312,532,1,0
BRDA:2316,533,0,0
BRDA:2316,533,1,0
BRDA:2316,534,0,0
BRDA:2316,534,1,0
BRDA:2319,535,0,0
BRDA:2319,535,1,0
BRDA:2323,536,0,0
BRDA:2323,536,1,0
BRDA:2324,537,0,0
BRDA:2324,537,1,0
BRDA:2327,538,0,0
BRDA:2327,538,1,0
BRDA:2338,539,0,0
BRDA:2338,539,1,0
BRDA:2342,540,0,0
BRDA:2342,540,1,0
BRDA:2343,541,0,0
BRDA:2343,541,1,0
BRDA:2345,542,0,0
BRDA:2345,542,1,0
BRDA:2346,543,0,0
BRDA:2346,543,1,0
BRDA:2347,544,0,0
BRDA:2347,544,1,0
BRDA:2348,545,0,0
BRDA:2348,545,1,0
BRDA:2349,546,0,0
BRDA:2349,546,1,0
BRDA:2353,547,0,0
BRDA:2353,547,1,0
BRDA:2353,548,0,0
BRDA:2353,548,1,0
BRDA:2356,549,0,0
BRDA:2356,549,1,0
BRDA:2360,550,0,0
BRDA:2360,550,1,0
BRDA:2361,551,0,0
BRDA:2361,551,1,0
BRDA:2364,552,0,0
BRDA:2364,552,1,0
BRDA:2378,553,0,0
BRDA:2378,553,1,0
BRDA:2383,554,0,0
BRDA:2383,554,1,0
BRDA:2385,555,0,0
BRDA:2385,555,1,0
BRDA:2386,556,0,0
BRDA:2386,556,1,0
BRDA:2391,557,0,0
BRDA:2391,557,1,0
BRDA:2391,558,0,0
BRDA:2391,558,1,0
BRDA:2394,559,0,0
BRDA:2394,559,1,0
BRDA:2398,560,0,0
BRDA:2398,560,1,0
BRDA:2399,561,0,0
BRDA:2399,561,1,0
BRDA:2417,562,0,0
BRDA:2417,562,1,0
BRDA:2428,563,0,0
BRDA:2428,563,1,0
BRDA:2430,564,0,0
BRDA:2430,564,1,0
BRDA:2433,565,0,0
BRDA:2433,565,1,0
BRDA:2436,566,0,0
BRDA:2436,566,1,0
BRDA:2448,567,0,0
BRDA:2448,567,1,0
BRDA:2460,568,0,0
BRDA:2460,568,1,0
BRDA:2472,569,0,0
BRDA:2472,569,1,0
BRDA:2476,570,0,0
BRDA:2476,570,1,0
BRDA:2487,571,0,0
BRDA:2487,571,1,0
BRDA:2492,572,0,0
BRDA:2492,572,1,0
BRDA:2497,573,0,0
BRDA:2497,573,1,0
BRDA:2501,574,0,0
BRDA:2501,574,1,0
BRDA:2523,575,0,0
BRDA:2523,575,1,0
BRDA:2527,576,0,0
BRDA:2527,576,1,0
BRDA:2527,577,0,0
BRDA:2527,577,1,0
BRDA:2527,577,2,0
BRDA:2543,578,0,0
BRDA:2543,578,1,0
BRDA:2544,579,0,0
BRDA:2544,579,1,0
BRDA:2545,580,0,0
BRDA:2545,580,1,0
BRDA:2546,581,0,0
BRDA:2546,581,1,0
BRDA:2550,582,0,0
BRDA:2550,582,1,0
BRDA:2554,583,0,0
BRDA:2554,583,1,0
BRDA:2558,584,0,0
BRDA:2558,584,1,0
BRDA:2564,585,0,0
BRDA:2564,585,1,0
BRDA:2567,586,0,0
BRDA:2567,586,1,0
BRDA:2575,587,0,0
BRDA:2575,587,1,0
BRDA:2587,588,0,0
BRDA:2587,588,1,0
BRDA:2601,589,0,0
BRDA:2601,589,1,0
BRDA:2606,590,0,0
BRDA:2606,590,1,0
BRDA:2609,591,0,0
BRDA:2609,591,1,0
BRDA:2613,592,0,0
BRDA:2613,592,1,0
BRDA:2650,593,0,0
BRDA:2650,593,1,0
BRDA:2663,594,0,0
BRDA:2663,594,1,0
BRDA:2668,595,0,0
BRDA:2668,595,1,0
BRDA:2676,596,0,0
BRDA:2676,596,1,0
BRDA:2687,597,0,0
BRDA:2687,597,1,0
BRDA:2698,598,0,0
BRDA:2698,598,1,0
BRDA:2704,599,0,0
BRDA:2704,599,1,0
BRDA:2711,600,0,0
BRDA:2711,600,1,0
BRDA:2713,601,0,0
BRDA:2713,601,1,0
BRDA:2714,602,0,0
BRDA:2714,602,1,0
BRDA:2725,603,0,0
BRDA:2725,603,1,0
BRDA:2730,604,0,0
BRDA:2730,604,1,0
BRDA:2734,605,0,0
BRDA:2734,605,1,0
BRDA:2737,606,0,0
BRDA:2737,606,1,0
BRDA:2742,607,0,0
BRDA:2742,607,1,0
BRDA:2750,608,0,0
BRDA:2750,608,1,0
BRDA:2768,609,0,0
BRDA:2768,609,1,0
BRDA:2773,610,0,0
BRDA:2773,610,1,0
BRDA:2777,611,0,0
BRDA:2777,611,1,0
BRDA:2780,612,0,0
BRDA:2780,612,1,0
BRDA:2785,613,0,0
BRDA:2785,613,1,0
BRDA:2793,614,0,0
BRDA:2793,614,1,0
BRDA:2810,615,0,0
BRDA:2810,615,1,0
BRDA:2815,616,0,0
BRDA:2815,616,1,0
BRDA:2825,617,0,0
BRDA:2825,617,1,0
BRDA:2829,618,0,0
BRDA:2829,618,1,0
BRDA:2840,619,0,0
BRDA:2840,619,1,0
BRDA:2845,620,0,0
BRDA:2845,620,1,0
BRDA:2853,621,0,0
BRDA:2853,621,1,0
BRDA:2857,622,0,0
BRDA:2857,622,1,0
BRDA:2869,623,0,0
BRDA:2869,623,1,0
BRDA:2874,624,0,0
BRDA:2874,624,1,0
BRDA:2880,625,0,0
BRDA:2880,625,1,0
BRDA:2883,626,0,0
BRDA:2883,626,1,0
BRDA:2886,627,0,0
BRDA:2886,627,1,0
BRDA:2890,628,0,0
BRDA:2890,628,1,0
BRDA:2891,629,0,0
BRDA:2891,629,1,0
BRDA:2892,630,0,0
BRDA:2892,630,1,0
BRDA:2895,631,0,0
BRDA:2895,631,1,0
BRDA:2901,632,0,0
BRDA:2901,632,1,0
BRDA:2904,633,0,0
BRDA:2904,633,1,0
BRDA:2906,634,0,0
BRDA:2906,634,1,0
BRDA:2906,635,0,0
BRDA:2906,635,1,0
BRDA:2906,636,0,0
BRDA:2906,636,1,0
BRDA:2907,637,0,0
BRDA:2907,637,1,0
BRDA:2912,638,0,0
BRDA:2912,638,1,0
BRDA:2923,639,0,0
BRDA:2923,639,1,0
BRDA:2930,640,0,0
BRDA:2930,640,1,0
BRDA:2931,641,0,0
BRDA:2931,641,1,0
BRDA:2940,642,0,0
BRDA:2940,642,1,0
BRDA:2955,643,0,0
BRDA:2955,643,1,0
BRDA:2960,644,0,0
BRDA:2960,644,1,0
BRDA:2964,645,0,0
BRDA:2964,645,1,0
BRDA:2971,646,0,0
BRDA:2971,646,1,0
BRDA:2975,647,0,0
BRDA:2975,647,1,0
BRDA:2985,648,0,0
BRDA:2985,648,1,0
BRDA:2986,649,0,0
BRDA:2986,649,1,0
BRDA:3014,650,0,0
BRDA:3014,650,1,0
BRDA:3019,651,0,0
BRDA:3019,651,1,0
BRDA:3028,652,0,0
BRDA:3028,652,1,0
BRDA:3032,653,0,0
BRDA:3032,653,1,0
BRDA:3044,654,0,0
BRDA:3044,654,1,0
BRDA:3049,655,0,0
BRDA:3049,655,1,0
BRDA:3053,656,0,0
BRDA:3053,656,1,0
BRDA:3058,657,0,0
BRDA:3058,657,1,0
BRDA:3060,658,0,0
BRDA:3060,658,1,0
BRDA:3066,659,0,0
BRDA:3066,659,1,0
BRDA:3069,660,0,0
BRDA:3069,660,1,0
BRDA:3073,661,0,0
BRDA:3073,661,1,0
BRDA:3088,662,0,0
BRDA:3088,662,1,0
BRDA:3092,663,0,0
BRDA:3092,663,1,0
BRDA:3104,664,0,0
BRDA:3104,664,1,0
BRDA:3109,665,0,0
BRDA:3109,665,1,0
BRDA:3115,666,0,0
BRDA:3115,666,1,0
BRDA:3119,667,0,0
BRDA:3119,667,1,0
BRDA:3126,668,0,0
BRDA:3126,668,1,0
BRDA:3130,669,0,0
BRDA:3130,669,1,0
BRDA:3134,670,0,0
BRDA:3134,670,1,0
BRDA:3138,671,0,0
BRDA:3138,671,1,0
BRDA:3145,672,0,0
BRDA:3145,672,1,0
BRDA:3152,673,0,0
BRDA:3152,673,1,0
BRDA:3160,674,0,0
BRDA:3160,674,1,0
BRDA:3163,675,0,0
BRDA:3163,675,1,0
BRDA:3167,676,0,0
BRDA:3167,676,1,0
BRDA:3172,677,0,0
BRDA:3172,677,1,0
BRDA:3179,678,0,0
BRDA:3179,678,1,0
BRDA:3185,679,0,0
BRDA:3185,679,1,0
BRDA:3188,680,0,0
BRDA:3188,680,1,0
BRDA:3192,681,0,0
BRDA:3192,681,1,0
BRDA:3210,682,0,0
BRDA:3210,682,1,0
BRDA:3220,683,0,0
BRDA:3220,683,1,0
BRDA:3223,684,0,0
BRDA:3223,684,1,0
BRDA:3227,685,0,0
BRDA:3227,685,1,0
BRDA:3232,686,0,0
BRDA:3232,686,1,0
BRDA:3242,687,0,0
BRDA:3242,687,1,0
BRDA:3245,688,0,0
BRDA:3245,688,1,0
BRDA:3249,689,0,0
BRDA:3249,689,1,0
BRDA:3257,690,0,0
BRDA:3257,690,1,0
BRDA:3266,691,0,0
BRDA:3266,691,1,0
BRDA:3269,692,0,0
BRDA:3269,692,1,0
BRDA:3273,693,0,0
BRDA:3273,693,1,0
BRDA:3278,694,0,0
BRDA:3278,694,1,0
BRDA:3288,695,0,0
BRDA:3288,695,1,0
BRDA:3293,696,0,0
BRDA:3293,696,1,0
BRDA:3300,697,0,0
BRDA:3300,697,1,0
BRDA:3300,698,0,0
BRDA:3300,698,1,0
BRDA:3310,699,0,0
BRDA:3310,699,1,0
BRDA:3314,700,0,0
BRDA:3314,700,1,0
BRDA:3331,701,0,0
BRDA:3331,701,1,0
BRDA:3340,702,0,0
BRDA:3340,702,1,0
BRDA:3349,703,0,0
BRDA:3349,703,1,0
BRDA:3352,704,0,0
BRDA:3352,704,1,0
BRDA:3356,705,0,0
BRDA:3356,705,1,0
BRDA:3365,706,0,0
BRDA:3365,706,1,0
BRDA:3373,707,0,0
BRDA:3373,707,1,0
BRDA:3376,708,0,0
BRDA:3376,708,1,0
BRDA:3380,709,0,0
BRDA:3380,709,1,0
BRDA:3388,710,0,0
BRDA:3388,710,1,0
BRDA:3390,711,0,0
BRDA:3390,711,1,0
BRDA:3398,712,0,0
BRDA:3398,712,1,0
BRDA:3401,713,0,0
BRDA:3401,713,1,0
BRDA:3405,714,0,0
BRDA:3405,714,1,0
BRDA:3409,715,0,0
BRDA:3409,715,1,0
BRDA:3409,716,0,0
BRDA:3409,716,1,0
BRDA:3426,717,0,0
BRDA:3426,717,1,0
BRDA:3433,718,0,0
BRDA:3433,718,1,0
BRDA:3433,719,0,0
BRDA:3433,719,1,0
BRDA:3443,720,0,0
BRDA:3443,720,1,0
BRDA:3447,721,0,0
BRDA:3447,721,1,0
BRDA:3464,722,0,0
BRDA:3464,722,1,0
BRDA:3474,723,0,0
BRDA:3474,723,1,0
BRDA:3477,724,0,0
BRDA:3477,724,1,0
BRDA:3481,725,0,0
BRDA:3481,725,1,0
BRDA:3485,726,0,0
BRDA:3485,726,1,0
BRDA:3499,727,0,0
BRDA:3499,727,1,0
BRDA:3504,728,0,0
BRDA:3504,728,1,0
BRDA:3511,729,0,0
BRDA:3511,729,1,0
BRDA:3511,730,0,0
BRDA:3511,730,1,0
BRDA:3521,731,0,0
BRDA:3521,731,1,0
BRDA:3525,732,0,0
BRDA:3525,732,1,0
BRDA:3542,733,0,0
BRDA:3542,733,1,0
BRDA:3551,734,0,0
BRDA:3551,734,1,0
BRDA:3558,735,0,0
BRDA:3558,735,1,0
BRDA:3562,736,0,0
BRDA:3562,736,1,0
BRDA:3566,737,0,0
BRDA:3566,737,1,0
BRDA:3574,738,0,0
BRDA:3574,738,1,0
BRDA:3581,739,0,0
BRDA:3581,739,1,0
BRDA:3585,740,0,0
BRDA:3585,740,1,0
BRDA:3589,741,0,0
BRDA:3589,741,1,0
BRDA:3597,742,0,0
BRDA:3597,742,1,0
BRDA:3605,743,0,0
BRDA:3605,743,1,0
BRDA:3608,744,0,0
BRDA:3608,744,1,0
BRDA:3612,745,0,0
BRDA:3612,745,1,0
BRDA:3620,746,0,0
BRDA:3620,746,1,0
BRDA:3628,747,0,0
BRDA:3628,747,1,0
BRDA:3631,748,0,0
BRDA:3631,748,1,0
BRDA:3635,749,0,0
BRDA:3635,749,1,0
BRDA:3650,750,0,0
BRDA:3650,750,1,0
BRDA:3650,750,2,0
BRDA:3650,750,3,0
BRDA:3650,750,4,0
BRDA:3650,750,5,0
BRDA:3650,750,6,0
BRDA:3650,750,7,0
BRDA:3650,750,8,0
BRDA:3652,751,0,0
BRDA:3652,751,1,0
BRDA:3657,752,0,0
BRDA:3657,752,1,0
BRDA:3660,753,0,0
BRDA:3660,753,1,0
BRDA:3672,754,0,0
BRDA:3672,754,1,0
BRDA:3675,755,0,0
BRDA:3675,755,1,0
BRDA:3678,756,0,0
BRDA:3678,756,1,0
BRDA:3678,757,0,0
BRDA:3678,757,1,0
BRDA:3681,758,0,0
BRDA:3681,758,1,0
BRDA:3689,759,0,0
BRDA:3689,759,1,0
BRDA:3691,760,0,0
BRDA:3691,760,1,0
BRDA:3691,761,0,0
BRDA:3691,761,1,0
BRDA:3696,762,0,0
BRDA:3696,762,1,0
BRDA:3702,763,0,0
BRDA:3702,763,1,0
BRDA:3715,764,0,0
BRDA:3715,764,1,0
BRDA:3715,765,0,0
BRDA:3715,765,1,0
BRDA:3724,766,0,0
BRDA:3724,766,1,0
BRDA:3724,767,0,0
BRDA:3724,767,1,0
BRDA:3735,768,0,0
BRDA:3735,768,1,0
BRDA:3737,769,0,0
BRDA:3737,769,1,0
BRDA:3748,770,0,0
BRDA:3748,770,1,0
BRDA:3749,771,0,0
BRDA:3749,771,1,0
BRDA:3750,772,0,0
BRDA:3750,772,1,0
BRDA:3759,773,0,0
BRDA:3759,773,1,0
BRDA:3760,774,0,0
BRDA:3760,774,1,0
BRDA:3761,775,0,0
BRDA:3761,775,1,0
BRDA:3770,776,0,0
BRDA:3770,776,1,0
BRDA:3771,777,0,0
BRDA:3771,777,1,0
BRDA:3772,778,0,0
BRDA:3772,778,1,0
BRDA:3781,779,0,0
BRDA:3781,779,1,0
BRDA:3782,780,0,0
BRDA:3782,780,1,0
BRDA:3783,781,0,0
BRDA:3783,781,1,0
BRDA:3788,782,0,0
BRDA:3788,782,1,0
BRDA:3793,783,0,0
BRDA:3793,783,1,0
BRDA:3797,784,0,0
BRDA:3797,784,1,0
BRDA:3798,785,0,0
BRDA:3798,785,1,0
BRDA:3799,786,0,0
BRDA:3799,786,1,0
BRDA:3801,787,0,0
BRDA:3801,787,1,0
BRDA:3831,788,0,0
BRDA:3831,788,1,0
BRDA:3831,789,0,0
BRDA:3831,789,1,0
BRDA:3832,790,0,0
BRDA:3832,790,1,0
BRDA:3832,791,0,0
BRDA:3832,791,1,0
BRDA:3838,792,0,0
BRDA:3838,792,1,0
BRDA:3838,792,2,0
BRDA:3864,793,0,0
BRDA:3864,793,1,0
BRDA:3873,794,0,0
BRDA:3873,794,1,0
BRDA:3873,795,0,0
BRDA:3873,795,1,0
BRDA:3875,796,0,0
BRDA:3875,796,1,0
BRDA:3881,797,0,0
BRDA:3881,797,1,0
BRDA:3881,798,0,0
BRDA:3881,798,1,0
BRDA:3890,799,0,0
BRDA:3890,799,1,0
BRDA:3894,800,0,0
BRDA:3894,800,1,0
BRDA:3905,801,0,0
BRDA:3905,801,1,0
BRDA:3905,802,0,0
BRDA:3905,802,1,0
BRDA:3907,803,0,0
BRDA:3907,803,1,0
BRDA:3908,804,0,0
BRDA:3908,804,1,0
BRDA:3911,805,0,0
BRDA:3911,805,1,0
BRDA:3912,806,0,0
BRDA:3912,806,1,0
BRDA:3913,807,0,0
BRDA:3913,807,1,0
BRDA:3914,808,0,0
BRDA:3914,808,1,0
BRDA:3915,809,0,0
BRDA:3915,809,1,0
BRDA:3916,810,0,0
BRDA:3916,810,1,0
BRDA:3917,811,0,0
BRDA:3917,811,1,0
BRDA:3918,812,0,0
BRDA:3918,812,1,0
BRDA:3919,813,0,0
BRDA:3919,813,1,0
BRDA:3920,814,0,0
BRDA:3920,814,1,0
BRDA:3921,815,0,0
BRDA:3921,815,1,0
BRDA:3922,816,0,0
BRDA:3922,816,1,0
BRDA:3923,817,0,0
BRDA:3923,817,1,0
BRDA:3924,818,0,0
BRDA:3924,818,1,0
BRDA:3925,819,0,0
BRDA:3925,819,1,0
BRDA:3926,820,0,0
BRDA:3926,820,1,0
BRDA:3927,821,0,0
BRDA:3927,821,1,0
BRDA:3928,822,0,0
BRDA:3928,822,1,0
BRDA:3929,823,0,0
BRDA:3929,823,1,0
BRDA:3930,824,0,0
BRDA:3930,824,1,0
BRDA:3931,825,0,0
BRDA:3931,825,1,0
BRDA:3932,826,0,0
BRDA:3932,826,1,0
BRDA:3933,827,0,0
BRDA:3933,827,1,0
BRDA:3934,828,0,0
BRDA:3934,828,1,0
BRDA:3935,829,0,0
BRDA:3935,829,1,0
BRDA:3936,830,0,0
BRDA:3936,830,1,0
BRDA:3937,831,0,0
BRDA:3937,831,1,0
BRDA:3938,832,0,0
BRDA:3938,832,1,0
BRDA:3939,833,0,0
BRDA:3939,833,1,0
BRDA:3940,834,0,0
BRDA:3940,834,1,0
BRDA:3941,835,0,0
BRDA:3941,835,1,0
BRDA:3942,836,0,0
BRDA:3942,836,1,0
BRDA:3943,837,0,0
BRDA:3943,837,1,0
BRDA:3945,838,0,0
BRDA:3945,838,1,0
BRDA:3945,839,0,0
BRDA:3945,839,1,0
BRDA:3953,840,0,0
BRDA:3953,840,1,0
BRDA:3953,841,0,0
BRDA:3953,841,1,0
BRDA:3959,842,0,0
BRDA:3959,842,1,0
BRDA:3968,843,0,0
BRDA:3968,843,1,0
BRDA:3969,844,0,0
BRDA:3969,844,1,0
BRDA:3970,845,0,0
BRDA:3970,845,1,0
BRDA:3971,846,0,0
BRDA:3971,846,1,0
BRDA:3972,847,0,0
BRDA:3972,847,1,0
BRDA:3973,848,0,0
BRDA:3973,848,1,0
BRDA:3974,849,0,0
BRDA:3974,849,1,0
BRDA:3975,850,0,0
BRDA:3975,850,1,0
BRDA:3975,851,0,0
BRDA:3975,851,1,0
BRDA:3975,852,0,0
BRDA:3975,852,1,0
BRDA:3976,853,0,0
BRDA:3976,853,1,0
BRDA:3977,854,0,0
BRDA:3977,854,1,0
BRDA:3978,855,0,0
BRDA:3978,855,1,0
BRDA:3979,856,0,0
BRDA:3979,856,1,0
BRDA:3979,857,0,0
BRDA:3979,857,1,0
BRDA:3980,858,0,0
BRDA:3980,858,1,0
BRDA:3982,859,0,0
BRDA:3982,859,1,0
BRDA:3982,860,0,0
BRDA:3982,860,1,0
BRDA:3983,861,0,0
BRDA:3983,861,1,0
BRDA:3985,862,0,0
BRDA:3985,862,1,0
BRDA:3985,863,0,0
BRDA:3985,863,1,0
BRDA:3986,864,0,0
BRDA:3986,864,1,0
BRDA:3986,865,0,0
BRDA:3986,865,1,0
BRDA:3988,866,0,0
BRDA:3988,866,1,0
BRDA:3989,867,0,0
BRDA:3989,867,1,0
BRDA:3991,868,0,0
BRDA:3991,868,1,0
BRDA:3992,869,0,0
BRDA:3992,869,1,0
BRDA:3994,870,0,0
BRDA:3994,870,1,0
BRDA:3995,871,0,0
BRDA:3995,871,1,0
BRDA:3995,872,0,0
BRDA:3995,872,1,0
BRDA:3997,873,0,0
BRDA:3997,873,1,0
BRDA:3998,874,0,0
BRDA:3998,874,1,0
BRDA:3998,875,0,0
BRDA:3998,875,1,0
BRDA:4008,876,0,0
BRDA:4008,876,1,0
BRDA:4008,877,0,0
BRDA:4008,877,1,0
BRDA:4009,878,0,0
BRDA:4009,878,1,0
BRDA:4010,879,0,0
BRDA:4010,879,1,0
BRDA:4010,880,0,0
BRDA:4010,880,1,0
BRDA:4011,881,0,0
BRDA:4011,881,1,0
BRDA:4012,882,0,0
BRDA:4012,882,1,0
BRDA:4012,883,0,0
BRDA:4012,883,1,0
BRDA:4014,884,0,0
BRDA:4014,884,1,0
BRDA:4016,885,0,0
BRDA:4016,885,1,0
BRDA:4023,886,0,0
BRDA:4023,886,1,0
BRDA:4023,887,0,0
BRDA:4023,887,1,0
BRDA:4023,887,2,0
BRDA:4028,888,0,0
BRDA:4028,888,1,0
BRDA:4029,889,0,0
BRDA:4029,889,1,0
BRDA:4031,890,0,0
BRDA:4031,890,1,0
BRDA:4032,891,0,0
BRDA:4032,891,1,0
BRDA:4033,892,0,0
BRDA:4033,892,1,0
BRDA:4034,893,0,0
BRDA:4034,893,1,0
BRDA:4035,894,0,0
BRDA:4035,894,1,0
BRDA:4038,895,0,0
BRDA:4038,895,1,0
BRDA:4039,896,0,0
BRDA:4039,896,1,0
BRDA:4040,897,0,0
BRDA:4040,897,1,0
BRDA:4041,898,0,0
BRDA:4041,898,1,0
BRDA:4042,899,0,0
BRDA:4042,899,1,0
BRDA:4042,900,0,0
BRDA:4042,900,1,0
BRDA:4042,901,0,0
BRDA:4042,901,1,0
BRDA:4043,902,0,0
BRDA:4043,902,1,0
BRDA:4044,903,0,0
BRDA:4044,903,1,0
BRDA:4045,904,0,0
BRDA:4045,904,1,0
BRDA:4046,905,0,0
BRDA:4046,905,1,0
BRDA:4047,906,0,0
BRDA:4047,906,1,0
BRDA:4047,907,0,0
BRDA:4047,907,1,0
BRDA:4061,908,0,0
BRDA:4061,908,1,0
BRDA:4064,909,0,0
BRDA:4064,909,1,0
BRDA:4073,910,0,0
BRDA:4073,910,1,0
BRDA:4074,911,0,0
BRDA:4074,911,1,0
BRDA:4076,912,0,0
BRDA:4076,912,1,0
BRDA:4077,913,0,0
BRDA:4077,913,1,0
BRDA:4078,914,0,0
BRDA:4078,914,1,0
BRDA:4084,915,0,0
BRDA:4084,915,1,0
BRDA:4089,916,0,0
BRDA:4089,916,1,0
BRDA:4097,917,0,0
BRDA:4097,917,1,0
BRDA:4100,918,0,0
BRDA:4100,918,1,0
BRDA:4110,919,0,0
BRDA:4110,919,1,0
BRDA:4112,920,0,0
BRDA:4112,920,1,0
BRDA:4117,921,0,0
BRDA:4117,921,1,0
BRDA:4118,922,0,0
BRDA:4118,922,1,0
BRDA:4119,923,0,0
BRDA:4119,923,1,0
BRDA:4128,924,0,0
BRDA:4128,924,1,0
BRDA:4137,925,0,0
BRDA:4137,925,1,0
BRDA:4149,926,0,0
BRDA:4149,926,1,0
BRDA:4154,927,0,0
BRDA:4154,927,1,0
BRDA:4156,928,0,0
BRDA:4156,928,1,0
BRDA:4156,929,0,0
BRDA:4156,929,1,0
BRDA:4157,930,0,0
BRDA:4157,930,1,0
BRDA:4158,931,0,0
BRDA:4158,931,1,0
BRDA:4170,932,0,0
BRDA:4170,932,1,0
BRDA:4185,933,0,0
BRDA:4185,933,1,0
BRDA:4188,934,0,0
BRDA:4188,934,1,0
BRDA:4191,935,0,0
BRDA:4191,935,1,0
BRDA:4191,936,0,0
BRDA:4191,936,1,0
BRDA:4194,937,0,0
BRDA:4194,937,1,0
BRDA:4210,938,0,0
BRDA:4210,938,1,0
BRDA:4215,939,0,0
BRDA:4215,939,1,0
BRDA:4220,940,0,0
BRDA:4220,940,1,0
BRDA:4228,941,0,0
BRDA:4228,941,1,0
BRDA:4228,942,0,0
BRDA:4228,942,1,0
BRDA:4229,943,0,0
BRDA:4229,943,1,0
BRDA:4230,944,0,0
BRDA:4230,944,1,0
BRDA:4239,945,0,0
BRDA:4239,945,1,0
BRDA:4240,946,0,0
BRDA:4240,946,1,0
BRDA:4241,947,0,0
BRDA:4241,947,1,0
BRDA:4249,948,0,0
BRDA:4249,948,1,0
BRDA:4249,949,0,0
BRDA:4249,949,1,0
BRDA:4253,950,0,0
BRDA:4253,950,1,0
BRDA:4258,951,0,0
BRDA:4258,951,1,0
BRDA:4259,952,0,0
BRDA:4259,952,1,0
BRDA:4263,953,0,0
BRDA:4263,953,1,0
BRDA:4272,954,0,0
BRDA:4272,954,1,0
BRDA:4278,955,0,0
BRDA:4278,955,1,0
BRDA:4281,956,0,0
BRDA:4281,956,1,0
BRDA:4282,957,0,0
BRDA:4282,957,1,0
BRDA:4283,958,0,0
BRDA:4283,958,1,0
BRDA:4287,959,0,0
BRDA:4287,959,1,0
BRDA:4295,960,0,0
BRDA:4295,960,1,0
BRDA:4296,961,0,0
BRDA:4296,961,1,0
BRDA:4299,962,0,0
BRDA:4299,962,1,0
BRDA:4300,963,0,0
BRDA:4300,963,1,0
BRDA:4305,964,0,0
BRDA:4305,964,1,0
BRDA:4309,965,0,0
BRDA:4309,965,1,0
BRDA:4316,966,0,0
BRDA:4316,966,1,0
BRDA:4349,967,0,0
BRDA:4349,967,1,0
BRDA:4356,968,0,0
BRDA:4356,968,1,0
BRDA:4357,969,0,0
BRDA:4357,969,1,0
BRDA:4360,970,0,0
BRDA:4360,970,1,0
BRDA:4364,971,0,0
BRDA:4364,971,1,0
BRDA:4383,972,0,0
BRDA:4383,972,1,0
BRDA:4388,973,0,0
BRDA:4388,973,1,0
BRDA:4389,974,0,0
BRDA:4389,974,1,0
BRDA:4391,975,0,0
BRDA:4391,975,1,0
BRDA:4395,976,0,0
BRDA:4395,976,1,0
BRDA:4398,977,0,0
BRDA:4398,977,1,0
BRDA:4412,978,0,0
BRDA:4412,978,1,0
BRDA:4424,979,0,0
BRDA:4424,979,1,0
BRDA:4430,980,0,0
BRDA:4430,980,1,0
BRDA:4432,981,0,0
BRDA:4432,981,1,0
BRDA:4433,982,0,0
BRDA:4433,982,1,0
BRDA:4434,983,0,0
BRDA:4434,983,1,0
BRDA:4441,984,0,0
BRDA:4441,984,1,0
BRDA:4443,985,0,0
BRDA:4443,985,1,0
BRDA:4444,986,0,0
BRDA:4444,986,1,0
BRDA:4445,987,0,0
BRDA:4445,987,1,0
BRDA:4452,988,0,0
BRDA:4452,988,1,0
BRDA:4454,989,0,0
BRDA:4454,989,1,0
BRDA:4455,990,0,0
BRDA:4455,990,1,0
BRDA:4456,991,0,0
BRDA:4456,991,1,0
BRDA:4466,992,0,0
BRDA:4466,992,1,0
BRDA:4472,993,0,0
BRDA:4472,993,1,0
BRDA:4473,994,0,0
BRDA:4473,994,1,0
BRDA:4478,995,0,0
BRDA:4478,995,1,0
BRDA:4479,996,0,0
BRDA:4479,996,1,0
BRDA:4480,997,0,0
BRDA:4480,997,1,0
BRDA:4481,998,0,0
BRDA:4481,998,1,0
BRDA:4491,999,0,0
BRDA:4491,999,1,0
BRDA:4492,1000,0,0
BRDA:4492,1000,1,0
BRDA:4495,1001,0,0
BRDA:4495,1001,1,0
BRDA:4500,1002,0,0
BRDA:4500,1002,1,0
BRDA:4504,1003,0,0
BRDA:4504,1003,1,0
BRDA:4510,1004,0,0
BRDA:4510,1004,1,0
BRDA:4511,1005,0,0
BRDA:4511,1005,1,0
BRDA:4516,1006,0,0
BRDA:4516,1006,1,0
BRDA:4517,1007,0,0
BRDA:4517,1007,1,0
BRDA:4518,1008,0,0
BRDA:4518,1008,1,0
BRDA:4519,1009,0,0
BRDA:4519,1009,1,0
BRDA:4527,1010,0,0
BRDA:4527,1010,1,0
BRDA:4528,1011,0,0
BRDA:4528,1011,1,0
BRDA:4544,1012,0,0
BRDA:4544,1012,1,0
BRDA:4545,1013,0,0
BRDA:4545,1013,1,0
BRDA:4554,1014,0,0
BRDA:4554,1014,1,0
BRDA:4555,1015,0,0
BRDA:4555,1015,1,0
BRDA:4566,1016,0,0
BRDA:4566,1016,1,0
BRDA:4574,1017,0,0
BRDA:4574,1017,1,0
BRDA:4576,1018,0,0
BRDA:4576,1018,1,0
BRDA:4577,1019,0,0
BRDA:4577,1019,1,0
BRDA:4578,1020,0,0
BRDA:4578,1020,1,0
BRDA:4581,1021,0,0
BRDA:4581,1021,1,0
BRDA:4582,1022,0,0
BRDA:4582,1022,1,0
BRDA:4583,1023,0,0
BRDA:4583,1023,1,0
BRDA:4584,1024,0,0
BRDA:4584,1024,1,0
BRDA:4592,1025,0,0
BRDA:4592,1025,1,0
BRDA:4601,1026,0,0
BRDA:4601,1026,1,0
BRDA:4603,1027,0,0
BRDA:4603,1027,1,0
BRDA:4605,1028,0,0
BRDA:4605,1028,1,0
BRDA:4607,1029,0,0
BRDA:4607,1029,1,0
BRDA:4617,1030,0,0
BRDA:4617,1030,1,0
BRDA:4622,1031,0,0
BRDA:4622,1031,1,0
BRDA:4626,1032,0,0
BRDA:4626,1032,1,0
BRDA:4627,1033,0,0
BRDA:4627,1033,1,0
BRDA:4641,1034,0,0
BRDA:4641,1034,1,0
BRDA:4642,1035,0,0
BRDA:4642,1035,1,0
BRDA:4651,1036,0,0
BRDA:4651,1036,1,0
BRDA:4652,1037,0,0
BRDA:4652,1037,1,0
BRDA:4667,1038,0,0
BRDA:4667,1038,1,0
BRDA:4668,1039,0,0
BRDA:4668,1039,1,0
BRDA:4671,1040,0,0
BRDA:4671,1040,1,0
BRDA:4676,1041,0,0
BRDA:4676,1041,1,0
BRDA:4682,1042,0,0
BRDA:4682,1042,1,0
BRDA:4688,1043,0,0
BRDA:4688,1043,1,0
BRDA:4689,1044,0,0
BRDA:4689,1044,1,0
BRDA:4694,1045,0,0
BRDA:4694,1045,1,0
BRDA:4695,1046,0,0
BRDA:4695,1046,1,0
BRDA:4696,1047,0,0
BRDA:4696,1047,1,0
BRDA:4704,1048,0,0
BRDA:4704,1048,1,0
BRDA:4705,1049,0,0
BRDA:4705,1049,1,0
BRDA:4716,1050,0,0
BRDA:4716,1050,1,0
BRDA:4717,1051,0,0
BRDA:4717,1051,1,0
BRDA:4729,1052,0,0
BRDA:4729,1052,1,0
BRDA:4730,1053,0,0
BRDA:4730,1053,1,0
BRDA:4739,1054,0,0
BRDA:4739,1054,1,0
BRDA:4740,1055,0,0
BRDA:4740,1055,1,0
BRDA:4761,1056,0,0
BRDA:4761,1056,1,0
BRDA:4764,1057,0,0
BRDA:4764,1057,1,0
BRDA:4770,1058,0,0
BRDA:4770,1058,1,0
BRDA:4777,1059,0,0
BRDA:4777,1059,1,0
BRDA:4778,1060,0,0
BRDA:4778,1060,1,0
BRDA:4788,1061,0,0
BRDA:4788,1061,1,0
BRDA:4789,1062,0,0
BRDA:4789,1062,1,0
BRDA:4790,1063,0,0
BRDA:4790,1063,1,0
BRDA:4791,1064,0,0
BRDA:4791,1064,1,0
BRDA:4796,1065,0,0
BRDA:4796,1065,1,0
BRDA:4799,1066,0,0
BRDA:4799,1066,1,0
BRDA:4804,1067,0,0
BRDA:4804,1067,1,0
BRDA:4805,1068,0,0
BRDA:4805,1068,1,0
BRDA:4807,1069,0,0
BRDA:4807,1069,1,0
BRDA:4808,1070,0,0
BRDA:4808,1070,1,0
BRDA:4809,1071,0,0
BRDA:4809,1071,1,0
BRDA:4810,1072,0,0
BRDA:4810,1072,1,0
BRDA:4811,1073,0,0
BRDA:4811,1073,1,0
BRDA:4812,1074,0,0
BRDA:4812,1074,1,0
BRDA:4813,1075,0,0
BRDA:4813,1075,1,0
BRDA:4814,1076,0,0
BRDA:4814,1076,1,0
BRDA:4818,1077,0,0
BRDA:4818,1077,1,0
BRDA:4818,1078,0,0
BRDA:4818,1078,1,0
BRDA:4818,1079,0,0
BRDA:4818,1079,1,0
BRDA:4818,1080,0,0
BRDA:4818,1080,1,0
BRDA:4821,1081,0,0
BRDA:4821,1081,1,0
BRDA:4825,1082,0,0
BRDA:4825,1082,1,0
BRDA:4826,1083,0,0
BRDA:4826,1083,1,0
BRDA:4829,1084,0,0
BRDA:4829,1084,1,0
BRDA:4835,1085,0,0
BRDA:4835,1085,1,0
BRDA:4835,1086,0,0
BRDA:4835,1086,1,0
BRDA:4836,1087,0,0
BRDA:4836,1087,1,0
BRDA:4847,1088,0,0
BRDA:4847,1088,1,0
BRDA:4850,1089,0,0
BRDA:4850,1089,1,0
BRDA:4860,1090,0,0
BRDA:4860,1090,1,0
BRDA:4862,1091,0,0
BRDA:4862,1091,1,0
BRDA:4865,1092,0,0
BRDA:4865,1092,1,0
BRDA:4868,1093,0,0
BRDA:4868,1093,1,0
BRDA:4880,1094,0,0
BRDA:4880,1094,1,0
BRDA:4892,1095,0,0
BRDA:4892,1095,1,0
BRDA:4904,1096,0,0
BRDA:4904,1096,1,0
BRDA:4906,1097,0,0
BRDA:4906,1097,1,0
BRDA:4909,1098,0,0
BRDA:4909,1098,1,0
BRDA:4910,1099,0,0
BRDA:4910,1099,1,0
BRF:2203
BRH:0
end_of_record
TN:
SF:src\renderer\src\components\JobProgressIndicator.jsx
FN:7,JobProgressIndicator
FN:9,(anonymous_1)
FN:10,(anonymous_2)
FN:13,(anonymous_3)
FN:14,(anonymous_4)
FN:15,(anonymous_5)
FN:18,(anonymous_6)
FN:19,(anonymous_7)
FN:20,(anonymous_8)
FN:23,(anonymous_9)
FN:25,(anonymous_10)
FN:33,(anonymous_11)
FN:46,(anonymous_12)
FN:51,(anonymous_13)
FN:101,(anonymous_14)
FN:136,(anonymous_15)
FNF:16
FNH:16
FNDA:14,JobProgressIndicator
FNDA:14,(anonymous_1)
FNDA:14,(anonymous_2)
FNDA:14,(anonymous_3)
FNDA:14,(anonymous_4)
FNDA:14,(anonymous_5)
FNDA:14,(anonymous_6)
FNDA:14,(anonymous_7)
FNDA:14,(anonymous_8)
FNDA:13,(anonymous_9)
FNDA:15,(anonymous_10)
FNDA:9,(anonymous_11)
FNDA:1,(anonymous_12)
FNDA:1,(anonymous_13)
FNDA:1,(anonymous_14)
FNDA:1,(anonymous_15)
DA:8,14
DA:9,14
DA:10,14
DA:13,14
DA:14,14
DA:15,14
DA:18,14
DA:19,14
DA:20,14
DA:23,14
DA:25,15
DA:27,13
DA:28,8
DA:33,5
DA:34,9
DA:37,5
DA:39,5
DA:46,13
DA:47,1
DA:51,13
DA:54,1
DA:57,1
DA:60,13
DA:101,1
DA:136,1
LF:25
LH:25
BRDA:25,0,0,15
BRDA:25,0,1,10
BRDA:27,1,0,8
BRDA:27,1,1,5
BRDA:34,2,0,9
BRDA:34,2,1,4
BRDA:66,3,0,13
BRDA:66,3,1,2
BRDA:72,4,0,0
BRDA:72,4,1,2
BRDA:91,5,0,13
BRDA:91,5,1,3
BRDA:97,6,0,0
BRDA:97,6,1,3
BRDA:111,7,0,3
BRDA:111,7,1,3
BRDA:126,8,0,13
BRDA:126,8,1,3
BRDA:132,9,0,0
BRDA:132,9,1,3
BRDA:156,10,0,13
BRDA:156,10,1,5
BRDA:162,11,0,1
BRDA:162,11,1,4
BRDA:170,12,0,1
BRDA:170,12,1,4
BRDA:171,13,0,1
BRDA:171,13,1,4
BRDA:175,14,0,1
BRDA:175,14,1,4
BRDA:176,15,0,4
BRDA:176,15,1,1
BRDA:178,16,0,1
BRDA:178,16,1,4
BRDA:182,17,0,1
BRDA:182,17,1,4
BRF:36
BRH:33
end_of_record
TN:
SF:src\renderer\src\components\LoadingScreen.jsx
FN:14,LoadingScreen
FN:16,(anonymous_1)
FN:18,(anonymous_2)
FN:19,(anonymous_3)
FN:20,(anonymous_4)
FN:25,(anonymous_5)
FNF:6
FNH:0
FNDA:0,LoadingScreen
FNDA:0,(anonymous_1)
FNDA:0,(anonymous_2)
FNDA:0,(anonymous_3)
FNDA:0,(anonymous_4)
FNDA:0,(anonymous_5)
DA:6,0
DA:15,0
DA:16,0
DA:18,0
DA:19,0
DA:20,0
DA:21,0
DA:25,0
DA:28,0
LF:9
LH:0
BRDA:21,0,0,0
BRDA:21,0,1,0
BRDA:30,1,0,0
BRDA:30,1,1,0
BRDA:51,2,0,0
BRDA:51,2,1,0
BRDA:60,3,0,0
BRDA:60,3,1,0
BRDA:82,4,0,0
BRDA:82,4,1,0
BRDA:100,5,0,0
BRDA:100,5,1,0
BRDA:118,6,0,0
BRDA:118,6,1,0
BRF:14
BRH:0
end_of_record
TN:
SF:src\renderer\src\components\Modal.jsx
FN:7,Modal
FN:19,(anonymous_1)
FNF:2
FNH:0
FNDA:0,Modal
FNDA:0,(anonymous_1)
DA:19,0
DA:22,0
DA:30,0
DA:32,0
LF:4
LH:0
BRDA:12,0,0,0
BRDA:13,1,0,0
BRDA:14,2,0,0
BRDA:15,3,0,0
BRDA:16,4,0,0
BRDA:17,5,0,0
BRDA:30,6,0,0
BRDA:30,6,1,0
BRDA:34,7,0,0
BRDA:34,7,1,0
BRDA:36,8,0,0
BRDA:36,8,1,0
BRDA:47,9,0,0
BRDA:47,9,1,0
BRDA:70,10,0,0
BRDA:70,10,1,0
BRDA:75,11,0,0
BRDA:75,11,1,0
BRDA:82,12,0,0
BRDA:82,12,1,0
BRDA:87,13,0,0
BRDA:87,13,1,0
BRDA:101,14,0,0
BRDA:101,14,1,0
BRDA:101,14,2,0
BRDA:103,15,0,0
BRDA:103,15,1,0
BRDA:104,16,0,0
BRDA:104,16,1,0
BRDA:105,17,0,0
BRDA:105,17,1,0
BRDA:109,18,0,0
BRDA:109,18,1,0
BRF:33
BRH:0
end_of_record
TN:
SF:src\renderer\src\components\NewCampaignForm.jsx
FN:16,NewCampaignForm
FN:22,(anonymous_1)
FN:26,(anonymous_2)
FN:50,(anonymous_3)
FN:223,(anonymous_4)
FN:241,(anonymous_5)
FN:267,(anonymous_6)
FN:268,(anonymous_7)
FN:269,(anonymous_8)
FN:270,(anonymous_9)
FN:273,(anonymous_10)
FN:277,(anonymous_11)
FN:279,(anonymous_12)
FN:287,(anonymous_13)
FN:289,(anonymous_14)
FN:291,(anonymous_15)
FN:300,(anonymous_16)
FN:302,(anonymous_17)
FN:311,(anonymous_18)
FN:313,(anonymous_19)
FN:317,(anonymous_20)
FN:328,(anonymous_21)
FN:333,(anonymous_22)
FN:380,(anonymous_23)
FN:387,(anonymous_24)
FN:399,(anonymous_25)
FN:407,(anonymous_26)
FN:420,(anonymous_27)
FN:420,(anonymous_28)
FN:654,(anonymous_29)
FN:675,(anonymous_30)
FN:683,(anonymous_31)
FN:696,(anonymous_32)
FN:696,(anonymous_33)
FN:933,(anonymous_34)
FN:959,(anonymous_35)
FN:962,(anonymous_36)
FN:969,(anonymous_37)
FN:973,(anonymous_38)
FN:980,(anonymous_39)
FN:986,(anonymous_40)
FN:990,(anonymous_41)
FN:994,(anonymous_42)
FN:1009,(anonymous_43)
FN:1010,(anonymous_44)
FNF:45
FNH:0
FNDA:0,NewCampaignForm
FNDA:0,(anonymous_1)
FNDA:0,(anonymous_2)
FNDA:0,(anonymous_3)
FNDA:0,(anonymous_4)
FNDA:0,(anonymous_5)
FNDA:0,(anonymous_6)
FNDA:0,(anonymous_7)
FNDA:0,(anonymous_8)
FNDA:0,(anonymous_9)
FNDA:0,(anonymous_10)
FNDA:0,(anonymous_11)
FNDA:0,(anonymous_12)
FNDA:0,(anonymous_13)
FNDA:0,(anonymous_14)
FNDA:0,(anonymous_15)
FNDA:0,(anonymous_16)
FNDA:0,(anonymous_17)
FNDA:0,(anonymous_18)
FNDA:0,(anonymous_19)
FNDA:0,(anonymous_20)
FNDA:0,(anonymous_21)
FNDA:0,(anonymous_22)
FNDA:0,(anonymous_23)
FNDA:0,(anonymous_24)
FNDA:0,(anonymous_25)
FNDA:0,(anonymous_26)
FNDA:0,(anonymous_27)
FNDA:0,(anonymous_28)
FNDA:0,(anonymous_29)
FNDA:0,(anonymous_30)
FNDA:0,(anonymous_31)
FNDA:0,(anonymous_32)
FNDA:0,(anonymous_33)
FNDA:0,(anonymous_34)
FNDA:0,(anonymous_35)
FNDA:0,(anonymous_36)
FNDA:0,(anonymous_37)
FNDA:0,(anonymous_38)
FNDA:0,(anonymous_39)
FNDA:0,(anonymous_40)
FNDA:0,(anonymous_41)
FNDA:0,(anonymous_42)
FNDA:0,(anonymous_43)
FNDA:0,(anonymous_44)
DA:17,0
DA:18,0
DA:19,0
DA:22,0
DA:23,0
DA:26,0
DA:27,0
DA:31,0
DA:51,0
DA:52,0
DA:54,0
DA:63,0
DA:225,0
DA:226,0
DA:229,0
DA:230,0
DA:232,0
DA:239,0
DA:243,0
DA:244,0
DA:247,0
DA:248,0
DA:250,0
DA:257,0
DA:267,0
DA:268,0
DA:269,0
DA:270,0
DA:273,0
DA:277,0
DA:278,0
DA:279,0
DA:287,0
DA:288,0
DA:289,0
DA:290,0
DA:291,0
DA:300,0
DA:302,0
DA:304,0
DA:306,0
DA:311,0
DA:312,0
DA:313,0
DA:314,0
DA:316,0
DA:317,0
DA:318,0
DA:323,0
DA:328,0
DA:329,0
DA:332,0
DA:333,0
DA:337,0
DA:341,0
DA:342,0
DA:345,0
DA:346,0
DA:350,0
DA:351,0
DA:352,0
DA:354,0
DA:355,0
DA:356,0
DA:358,0
DA:359,0
DA:366,0
DA:372,0
DA:375,0
DA:376,0
DA:380,0
DA:381,0
DA:382,0
DA:384,0
DA:385,0
DA:387,0
DA:389,0
DA:390,0
DA:394,0
DA:395,0
DA:399,0
DA:400,0
DA:401,0
DA:405,0
DA:406,0
DA:407,0
DA:408,0
DA:409,0
DA:414,0
DA:415,0
DA:419,0
DA:420,0
DA:425,0
DA:651,0
DA:654,0
DA:655,0
DA:656,0
DA:657,0
DA:660,0
DA:666,0
DA:668,0
DA:670,0
DA:671,0
DA:675,0
DA:676,0
DA:677,0
DA:681,0
DA:682,0
DA:683,0
DA:684,0
DA:685,0
DA:690,0
DA:691,0
DA:695,0
DA:696,0
DA:700,0
DA:930,0
DA:933,0
DA:934,0
DA:935,0
DA:936,0
DA:939,0
DA:945,0
DA:948,0
DA:951,0
DA:952,0
DA:954,0
DA:959,0
DA:960,0
DA:962,0
DA:963,0
DA:969,0
DA:970,0
DA:971,0
DA:972,0
DA:973,0
DA:974,0
DA:976,0
DA:977,0
DA:979,0
DA:980,0
DA:983,0
DA:986,0
DA:987,0
DA:988,0
DA:989,0
DA:990,0
DA:991,0
DA:992,0
DA:993,0
DA:994,0
DA:997,0
DA:1000,0
DA:1009,0
DA:1010,0
LF:155
LH:0
BRDA:16,0,0,0
BRDA:27,1,0,0
BRDA:27,1,1,0
BRDA:33,2,0,0
BRDA:33,2,1,0
BRDA:33,2,2,0
BRDA:35,3,0,0
BRDA:35,3,1,0
BRDA:36,4,0,0
BRDA:36,4,1,0
BRDA:37,5,0,0
BRDA:37,5,1,0
BRDA:39,6,0,0
BRDA:39,6,1,0
BRDA:40,7,0,0
BRDA:40,7,1,0
BRDA:41,8,0,0
BRDA:41,8,1,0
BRDA:42,9,0,0
BRDA:42,9,1,0
BRDA:43,10,0,0
BRDA:43,10,1,0
BRDA:45,11,0,0
BRDA:45,11,1,0
BRDA:46,12,0,0
BRDA:46,12,1,0
BRDA:47,13,0,0
BRDA:47,13,1,0
BRDA:48,14,0,0
BRDA:48,14,1,0
BRDA:49,15,0,0
BRDA:49,15,1,0
BRDA:51,16,0,0
BRDA:51,16,1,0
BRDA:52,17,0,0
BRDA:52,17,1,0
BRDA:63,18,0,0
BRDA:63,18,1,0
BRDA:65,19,0,0
BRDA:65,19,1,0
BRDA:66,20,0,0
BRDA:66,20,1,0
BRDA:67,21,0,0
BRDA:67,21,1,0
BRDA:68,22,0,0
BRDA:68,22,1,0
BRDA:69,23,0,0
BRDA:69,23,1,0
BRDA:70,24,0,0
BRDA:70,24,1,0
BRDA:71,25,0,0
BRDA:71,25,1,0
BRDA:72,26,0,0
BRDA:72,26,1,0
BRDA:73,27,0,0
BRDA:73,27,1,0
BRDA:75,28,0,0
BRDA:75,28,1,0
BRDA:76,29,0,0
BRDA:76,29,1,0
BRDA:77,30,0,0
BRDA:77,30,1,0
BRDA:78,31,0,0
BRDA:78,31,1,0
BRDA:79,32,0,0
BRDA:79,32,1,0
BRDA:81,33,0,0
BRDA:81,33,1,0
BRDA:82,34,0,0
BRDA:82,34,1,0
BRDA:83,35,0,0
BRDA:83,35,1,0
BRDA:84,36,0,0
BRDA:84,36,1,0
BRDA:85,37,0,0
BRDA:85,37,1,0
BRDA:86,38,0,0
BRDA:86,38,1,0
BRDA:87,39,0,0
BRDA:87,39,1,0
BRDA:88,40,0,0
BRDA:88,40,1,0
BRDA:89,41,0,0
BRDA:89,41,1,0
BRDA:90,42,0,0
BRDA:90,42,1,0
BRDA:91,43,0,0
BRDA:91,43,1,0
BRDA:92,44,0,0
BRDA:92,44,1,0
BRDA:93,45,0,0
BRDA:93,45,1,0
BRDA:94,46,0,0
BRDA:94,46,1,0
BRDA:95,47,0,0
BRDA:95,47,1,0
BRDA:96,48,0,0
BRDA:96,48,1,0
BRDA:97,49,0,0
BRDA:97,49,1,0
BRDA:98,50,0,0
BRDA:98,50,1,0
BRDA:99,51,0,0
BRDA:99,51,1,0
BRDA:100,52,0,0
BRDA:100,52,1,0
BRDA:101,53,0,0
BRDA:101,53,1,0
BRDA:102,54,0,0
BRDA:102,54,1,0
BRDA:103,55,0,0
BRDA:103,55,1,0
BRDA:104,56,0,0
BRDA:104,56,1,0
BRDA:105,57,0,0
BRDA:105,57,1,0
BRDA:106,58,0,0
BRDA:106,58,1,0
BRDA:107,59,0,0
BRDA:107,59,1,0
BRDA:108,60,0,0
BRDA:108,60,1,0
BRDA:109,61,0,0
BRDA:109,61,1,0
BRDA:110,62,0,0
BRDA:110,62,1,0
BRDA:111,63,0,0
BRDA:111,63,1,0
BRDA:112,64,0,0
BRDA:112,64,1,0
BRDA:113,65,0,0
BRDA:113,65,1,0
BRDA:114,66,0,0
BRDA:114,66,1,0
BRDA:118,67,0,0
BRDA:118,67,1,0
BRDA:119,68,0,0
BRDA:119,68,1,0
BRDA:120,69,0,0
BRDA:120,69,1,0
BRDA:121,70,0,0
BRDA:121,70,1,0
BRDA:122,71,0,0
BRDA:122,71,1,0
BRDA:123,72,0,0
BRDA:123,72,1,0
BRDA:124,73,0,0
BRDA:124,73,1,0
BRDA:125,74,0,0
BRDA:125,74,1,0
BRDA:126,75,0,0
BRDA:126,75,1,0
BRDA:127,76,0,0
BRDA:127,76,1,0
BRDA:128,77,0,0
BRDA:128,77,1,0
BRDA:129,78,0,0
BRDA:129,78,1,0
BRDA:130,79,0,0
BRDA:130,79,1,0
BRDA:131,80,0,0
BRDA:131,80,1,0
BRDA:132,81,0,0
BRDA:132,81,1,0
BRDA:133,82,0,0
BRDA:133,82,1,0
BRDA:134,83,0,0
BRDA:134,83,1,0
BRDA:135,84,0,0
BRDA:135,84,1,0
BRDA:136,85,0,0
BRDA:136,85,1,0
BRDA:137,86,0,0
BRDA:137,86,1,0
BRDA:138,87,0,0
BRDA:138,87,1,0
BRDA:139,88,0,0
BRDA:139,88,1,0
BRDA:140,89,0,0
BRDA:140,89,1,0
BRDA:141,90,0,0
BRDA:141,90,1,0
BRDA:142,91,0,0
BRDA:142,91,1,0
BRDA:143,92,0,0
BRDA:143,92,1,0
BRDA:144,93,0,0
BRDA:144,93,1,0
BRDA:145,94,0,0
BRDA:145,94,1,0
BRDA:146,95,0,0
BRDA:146,95,1,0
BRDA:147,96,0,0
BRDA:147,96,1,0
BRDA:148,97,0,0
BRDA:148,97,1,0
BRDA:149,98,0,0
BRDA:149,98,1,0
BRDA:150,99,0,0
BRDA:150,99,1,0
BRDA:151,100,0,0
BRDA:151,100,1,0
BRDA:155,101,0,0
BRDA:155,101,1,0
BRDA:156,102,0,0
BRDA:156,102,1,0
BRDA:157,103,0,0
BRDA:157,103,1,0
BRDA:158,104,0,0
BRDA:158,104,1,0
BRDA:159,105,0,0
BRDA:159,105,1,0
BRDA:160,106,0,0
BRDA:160,106,1,0
BRDA:161,107,0,0
BRDA:161,107,1,0
BRDA:162,108,0,0
BRDA:162,108,1,0
BRDA:163,109,0,0
BRDA:163,109,1,0
BRDA:164,110,0,0
BRDA:164,110,1,0
BRDA:165,111,0,0
BRDA:165,111,1,0
BRDA:166,112,0,0
BRDA:166,112,1,0
BRDA:167,113,0,0
BRDA:167,113,1,0
BRDA:168,114,0,0
BRDA:168,114,1,0
BRDA:169,115,0,0
BRDA:169,115,1,0
BRDA:170,116,0,0
BRDA:170,116,1,0
BRDA:171,117,0,0
BRDA:171,117,1,0
BRDA:172,118,0,0
BRDA:172,118,1,0
BRDA:173,119,0,0
BRDA:173,119,1,0
BRDA:174,120,0,0
BRDA:174,120,1,0
BRDA:175,121,0,0
BRDA:175,121,1,0
BRDA:176,122,0,0
BRDA:176,122,1,0
BRDA:177,123,0,0
BRDA:177,123,1,0
BRDA:178,124,0,0
BRDA:178,124,1,0
BRDA:179,125,0,0
BRDA:179,125,1,0
BRDA:180,126,0,0
BRDA:180,126,1,0
BRDA:181,127,0,0
BRDA:181,127,1,0
BRDA:182,128,0,0
BRDA:182,128,1,0
BRDA:183,129,0,0
BRDA:183,129,1,0
BRDA:184,130,0,0
BRDA:184,130,1,0
BRDA:185,131,0,0
BRDA:185,131,1,0
BRDA:186,132,0,0
BRDA:186,132,1,0
BRDA:187,133,0,0
BRDA:187,133,1,0
BRDA:188,134,0,0
BRDA:188,134,1,0
BRDA:191,135,0,0
BRDA:191,135,1,0
BRDA:192,136,0,0
BRDA:192,136,1,0
BRDA:193,137,0,0
BRDA:193,137,1,0
BRDA:194,138,0,0
BRDA:194,138,1,0
BRDA:196,139,0,0
BRDA:196,139,1,0
BRDA:198,140,0,0
BRDA:198,140,1,0
BRDA:201,141,0,0
BRDA:201,141,1,0
BRDA:202,142,0,0
BRDA:202,142,1,0
BRDA:203,143,0,0
BRDA:203,143,1,0
BRDA:204,144,0,0
BRDA:204,144,1,0
BRDA:205,145,0,0
BRDA:205,145,1,0
BRDA:206,146,0,0
BRDA:206,146,1,0
BRDA:207,147,0,0
BRDA:207,147,1,0
BRDA:208,148,0,0
BRDA:208,148,1,0
BRDA:209,149,0,0
BRDA:209,149,1,0
BRDA:210,150,0,0
BRDA:210,150,1,0
BRDA:211,151,0,0
BRDA:211,151,1,0
BRDA:212,152,0,0
BRDA:212,152,1,0
BRDA:213,153,0,0
BRDA:213,153,1,0
BRDA:214,154,0,0
BRDA:214,154,1,0
BRDA:215,155,0,0
BRDA:215,155,1,0
BRDA:216,156,0,0
BRDA:216,156,1,0
BRDA:217,157,0,0
BRDA:217,157,1,0
BRDA:218,158,0,0
BRDA:218,158,1,0
BRDA:219,159,0,0
BRDA:219,159,1,0
BRDA:220,160,0,0
BRDA:220,160,1,0
BRDA:221,161,0,0
BRDA:221,161,1,0
BRDA:225,162,0,0
BRDA:225,162,1,0
BRDA:229,163,0,0
BRDA:229,163,1,0
BRDA:230,164,0,0
BRDA:230,164,1,0
BRDA:243,165,0,0
BRDA:243,165,1,0
BRDA:247,166,0,0
BRDA:247,166,1,0
BRDA:248,167,0,0
BRDA:248,167,1,0
BRDA:257,168,0,0
BRDA:257,168,1,0
BRDA:260,169,0,0
BRDA:260,169,1,0
BRDA:261,170,0,0
BRDA:261,170,1,0
BRDA:262,171,0,0
BRDA:262,171,1,0
BRDA:278,172,0,0
BRDA:278,172,1,0
BRDA:278,173,0,0
BRDA:278,173,1,0
BRDA:288,174,0,0
BRDA:288,174,1,0
BRDA:290,175,0,0
BRDA:290,175,1,0
BRDA:290,176,0,0
BRDA:290,176,1,0
BRDA:304,177,0,0
BRDA:304,177,1,0
BRDA:312,178,0,0
BRDA:312,178,1,0
BRDA:314,179,0,0
BRDA:314,179,1,0
BRDA:314,180,0,0
BRDA:314,180,1,0
BRDA:323,181,0,0
BRDA:323,181,1,0
BRDA:332,182,0,0
BRDA:332,182,1,0
BRDA:332,183,0,0
BRDA:332,183,1,0
BRDA:332,183,2,0
BRDA:332,183,3,0
BRDA:341,184,0,0
BRDA:341,184,1,0
BRDA:341,185,0,0
BRDA:341,185,1,0
BRDA:345,186,0,0
BRDA:345,186,1,0
BRDA:345,187,0,0
BRDA:345,187,1,0
BRDA:345,187,2,0
BRDA:350,188,0,0
BRDA:350,188,1,0
BRDA:350,189,0,0
BRDA:350,189,1,0
BRDA:351,190,0,0
BRDA:351,190,1,0
BRDA:354,191,0,0
BRDA:354,191,1,0
BRDA:355,192,0,0
BRDA:355,192,1,0
BRDA:355,193,0,0
BRDA:355,193,1,0
BRDA:358,194,0,0
BRDA:358,194,1,0
BRDA:358,195,0,0
BRDA:358,195,1,0
BRDA:368,196,0,0
BRDA:368,196,1,0
BRDA:375,197,0,0
BRDA:375,197,1,0
BRDA:375,198,0,0
BRDA:375,198,1,0
BRDA:385,199,0,0
BRDA:385,199,1,0
BRDA:389,200,0,0
BRDA:389,200,1,0
BRDA:394,201,0,0
BRDA:394,201,1,0
BRDA:400,202,0,0
BRDA:400,202,1,0
BRDA:406,203,0,0
BRDA:406,203,1,0
BRDA:408,204,0,0
BRDA:408,204,1,0
BRDA:414,205,0,0
BRDA:414,205,1,0
BRDA:414,206,0,0
BRDA:414,206,1,0
BRDA:419,207,0,0
BRDA:419,207,1,0
BRDA:435,208,0,0
BRDA:435,208,1,0
BRDA:437,209,0,0
BRDA:437,209,1,0
BRDA:438,210,0,0
BRDA:438,210,1,0
BRDA:449,211,0,0
BRDA:449,211,1,0
BRDA:478,212,0,0
BRDA:478,212,1,0
BRDA:493,213,0,0
BRDA:493,213,1,0
BRDA:494,214,0,0
BRDA:494,214,1,0
BRDA:498,215,0,0
BRDA:498,215,1,0
BRDA:499,216,0,0
BRDA:499,216,1,0
BRDA:503,217,0,0
BRDA:503,217,1,0
BRDA:505,218,0,0
BRDA:505,218,1,0
BRDA:527,219,0,0
BRDA:527,219,1,0
BRDA:542,220,0,0
BRDA:542,220,1,0
BRDA:543,221,0,0
BRDA:543,221,1,0
BRDA:547,222,0,0
BRDA:547,222,1,0
BRDA:548,223,0,0
BRDA:548,223,1,0
BRDA:552,224,0,0
BRDA:552,224,1,0
BRDA:554,225,0,0
BRDA:554,225,1,0
BRDA:576,226,0,0
BRDA:576,226,1,0
BRDA:591,227,0,0
BRDA:591,227,1,0
BRDA:592,228,0,0
BRDA:592,228,1,0
BRDA:596,229,0,0
BRDA:596,229,1,0
BRDA:597,230,0,0
BRDA:597,230,1,0
BRDA:601,231,0,0
BRDA:601,231,1,0
BRDA:603,232,0,0
BRDA:603,232,1,0
BRDA:609,233,0,0
BRDA:609,233,1,0
BRDA:612,234,0,0
BRDA:612,234,1,0
BRDA:613,235,0,0
BRDA:613,235,1,0
BRDA:625,236,0,0
BRDA:625,236,1,0
BRDA:626,237,0,0
BRDA:626,237,1,0
BRDA:640,238,0,0
BRDA:640,238,1,0
BRDA:641,239,0,0
BRDA:641,239,1,0
BRDA:651,240,0,0
BRDA:651,240,1,0
BRDA:651,241,0,0
BRDA:651,241,1,0
BRDA:651,242,0,0
BRDA:651,242,1,0
BRDA:651,243,0,0
BRDA:651,243,1,0
BRDA:660,244,0,0
BRDA:660,244,1,0
BRDA:668,245,0,0
BRDA:668,245,1,0
BRDA:670,246,0,0
BRDA:670,246,1,0
BRDA:676,247,0,0
BRDA:676,247,1,0
BRDA:682,248,0,0
BRDA:682,248,1,0
BRDA:684,249,0,0
BRDA:684,249,1,0
BRDA:690,250,0,0
BRDA:690,250,1,0
BRDA:690,251,0,0
BRDA:690,251,1,0
BRDA:695,252,0,0
BRDA:695,252,1,0
BRDA:707,253,0,0
BRDA:707,253,1,0
BRDA:709,254,0,0
BRDA:709,254,1,0
BRDA:710,255,0,0
BRDA:710,255,1,0
BRDA:712,256,0,0
BRDA:712,256,1,0
BRDA:720,257,0,0
BRDA:720,257,1,0
BRDA:749,258,0,0
BRDA:749,258,1,0
BRDA:764,259,0,0
BRDA:764,259,1,0
BRDA:765,260,0,0
BRDA:765,260,1,0
BRDA:769,261,0,0
BRDA:769,261,1,0
BRDA:770,262,0,0
BRDA:770,262,1,0
BRDA:774,263,0,0
BRDA:774,263,1,0
BRDA:776,264,0,0
BRDA:776,264,1,0
BRDA:798,265,0,0
BRDA:798,265,1,0
BRDA:813,266,0,0
BRDA:813,266,1,0
BRDA:814,267,0,0
BRDA:814,267,1,0
BRDA:818,268,0,0
BRDA:818,268,1,0
BRDA:819,269,0,0
BRDA:819,269,1,0
BRDA:823,270,0,0
BRDA:823,270,1,0
BRDA:825,271,0,0
BRDA:825,271,1,0
BRDA:847,272,0,0
BRDA:847,272,1,0
BRDA:862,273,0,0
BRDA:862,273,1,0
BRDA:863,274,0,0
BRDA:863,274,1,0
BRDA:867,275,0,0
BRDA:867,275,1,0
BRDA:868,276,0,0
BRDA:868,276,1,0
BRDA:872,277,0,0
BRDA:872,277,1,0
BRDA:874,278,0,0
BRDA:874,278,1,0
BRDA:880,279,0,0
BRDA:880,279,1,0
BRDA:883,280,0,0
BRDA:883,280,1,0
BRDA:884,281,0,0
BRDA:884,281,1,0
BRDA:896,282,0,0
BRDA:896,282,1,0
BRDA:897,283,0,0
BRDA:897,283,1,0
BRDA:911,284,0,0
BRDA:911,284,1,0
BRDA:912,285,0,0
BRDA:912,285,1,0
BRDA:918,286,0,0
BRDA:918,286,1,0
BRDA:919,287,0,0
BRDA:919,287,1,0
BRDA:930,288,0,0
BRDA:930,288,1,0
BRDA:930,289,0,0
BRDA:930,289,1,0
BRDA:930,290,0,0
BRDA:930,290,1,0
BRDA:930,291,0,0
BRDA:930,291,1,0
BRDA:939,292,0,0
BRDA:939,292,1,0
BRDA:960,293,0,0
BRDA:960,293,1,0
BRDA:963,294,0,0
BRDA:963,294,1,0
BRDA:963,294,2,0
BRDA:974,295,0,0
BRDA:974,295,1,0
BRDA:979,296,0,0
BRDA:979,296,1,0
BRDA:991,297,0,0
BRDA:991,297,1,0
BRDA:993,298,0,0
BRDA:993,298,1,0
BRF:602
BRH:0
end_of_record
TN:
SF:src\renderer\src\components\RenderProgress.jsx
FN:7,RenderProgress
FN:12,(anonymous_1)
FN:15,(anonymous_2)
FN:16,(anonymous_3)
FNF:4
FNH:0
FNDA:0,RenderProgress
FNDA:0,(anonymous_1)
FNDA:0,(anonymous_2)
FNDA:0,(anonymous_3)
DA:8,0
DA:9,0
DA:10,0
DA:11,0
DA:12,0
DA:15,0
DA:16,0
DA:17,0
DA:18,0
DA:21,0
DA:22,0
DA:23,0
DA:24,0
DA:25,0
DA:26,0
DA:28,0
DA:31,0
DA:32,0
DA:36,0
DA:37,0
DA:38,0
DA:40,0
LF:22
LH:0
BRDA:7,0,0,0
BRDA:7,1,0,0
BRDA:9,2,0,0
BRDA:9,2,1,0
BRDA:17,3,0,0
BRDA:17,3,1,0
BRDA:18,4,0,0
BRDA:18,4,1,0
BRDA:21,5,0,0
BRDA:21,5,1,0
BRDA:22,6,0,0
BRDA:22,6,1,0
BRDA:23,7,0,0
BRDA:23,7,1,0
BRDA:24,8,0,0
BRDA:24,8,1,0
BRDA:25,9,0,0
BRDA:25,9,1,0
BRDA:26,10,0,0
BRDA:26,10,1,0
BRDA:28,11,0,0
BRDA:28,11,1,0
BRDA:28,11,2,0
BRDA:31,12,0,0
BRDA:31,12,1,0
BRDA:32,13,0,0
BRDA:32,13,1,0
BRDA:43,14,0,0
BRDA:43,14,1,0
BRDA:43,14,2,0
BRDA:48,15,0,0
BRDA:48,15,1,0
BRDA:57,16,0,0
BRDA:57,16,1,0
BRDA:68,17,0,0
BRDA:68,17,1,0
BRDA:72,18,0,0
BRDA:72,18,1,0
BRDA:76,19,0,0
BRDA:76,19,1,0
BRDA:83,20,0,0
BRDA:83,20,1,0
BRDA:83,20,2,0
BRDA:96,21,0,0
BRDA:96,21,1,0
BRF:45
BRH:0
end_of_record
TN:
SF:src\renderer\src\components\ScriptGeneratorForm.jsx
FN:7,ScriptGeneratorForm
FN:8,(anonymous_1)
FN:72,(anonymous_2)
[...]
BRDA:1167,113,0,0
BRDA:1167,113,1,0
BRDA:1175,114,0,0
BRDA:1175,114,1,0
BRDA:1182,115,0,0
BRDA:1182,115,1,0
BRDA:1187,116,0,0
BRDA:1187,116,1,0
BRDA:1192,117,0,0
BRDA:1192,117,1,0
BRDA:1194,118,0,0
BRDA:1194,118,1,0
BRDA:1206,119,0,0
BRDA:1206,119,1,0
BRDA:1220,120,0,0
BRDA:1220,120,1,0
BRDA:1225,121,0,0
BRDA:1225,121,1,0
BRDA:1232,122,0,0
BRDA:1232,122,1,0
BRDA:1234,123,0,0
BRDA:1234,123,1,0
BRDA:1238,124,0,0
BRDA:1238,124,1,0
BRDA:1241,125,0,0
BRDA:1241,125,1,0
BRDA:1242,126,0,0
BRDA:1242,126,1,0
BRDA:1259,127,0,0
BRDA:1259,127,1,0
BRDA:1261,128,0,0
BRDA:1261,128,1,0
BRDA:1269,129,0,0
BRDA:1269,129,1,0
BRDA:1275,130,0,0
BRDA:1275,130,1,0
BRDA:1279,131,0,0
BRDA:1279,131,1,0
BRDA:1284,132,0,0
BRDA:1284,132,1,0
BRDA:1298,133,0,0
BRDA:1298,133,1,0
BRDA:1303,134,0,0
BRDA:1303,134,1,0
BRDA:1316,135,0,0
BRDA:1316,135,1,0
BRDA:1316,135,2,0
BRDA:1318,136,0,0
BRDA:1318,136,1,0
BRDA:1331,137,0,0
BRDA:1331,137,1,0
BRDA:1332,138,0,0
BRDA:1332,138,1,0
BRDA:1334,139,0,0
BRDA:1334,139,1,0
BRDA:1339,140,0,0
BRDA:1339,140,1,0
BRDA:1340,141,0,0
BRDA:1340,141,1,0
BRDA:1342,142,0,0
BRDA:1342,142,1,0
BRDA:1347,143,0,0
BRDA:1347,143,1,0
BRDA:1349,144,0,0
BRDA:1349,144,1,0
BRDA:1357,145,0,0
BRDA:1357,145,1,0
BRDA:1358,146,0,0
BRDA:1358,146,1,0
BRDA:1359,147,0,0
BRDA:1359,147,1,0
BRDA:1364,148,0,0
BRDA:1364,148,1,0
BRDA:1367,149,0,0
BRDA:1367,149,1,0
BRDA:1371,150,0,0
BRDA:1371,150,1,0
BRDA:1372,151,0,0
BRDA:1372,151,1,0
BRDA:1373,152,0,0
BRDA:1373,152,1,0
BRDA:1375,153,0,0
BRDA:1375,153,1,0
BRDA:1379,154,0,0
BRDA:1379,154,1,0
BRDA:1379,155,0,0
BRDA:1379,155,1,0
BRDA:1394,156,0,0
BRDA:1394,156,1,0
BRDA:1407,157,0,0
BRDA:1407,157,1,0
BRDA:1408,158,0,0
BRDA:1408,158,1,0
BRDA:1409,159,0,0
BRDA:1409,159,1,0
BRDA:1411,160,0,0
BRDA:1411,160,1,0
BRDA:1421,161,0,0
BRDA:1421,161,1,0
BRDA:1423,162,0,0
BRDA:1423,162,1,0
BRDA:1428,163,0,0
BRDA:1428,163,1,0
BRDA:1430,164,0,0
BRDA:1430,164,1,0
BRDA:1437,165,0,0
BRDA:1437,165,1,0
BRDA:1438,166,0,0
BRDA:1438,166,1,0
BRDA:1442,167,0,0
BRDA:1442,167,1,0
BRDA:1444,168,0,0
BRDA:1444,168,1,0
BRDA:1451,169,0,0
BRDA:1451,169,1,0
BRDA:1452,170,0,0
BRDA:1452,170,1,0
BRDA:1458,171,0,0
BRDA:1458,171,1,0
BRDA:1460,172,0,0
BRDA:1460,172,1,0
BRDA:1464,173,0,0
BRDA:1464,173,1,0
BRDA:1467,174,0,0
BRDA:1467,174,1,0
BRDA:1470,175,0,0
BRDA:1470,175,1,0
BRDA:1473,176,0,0
BRDA:1473,176,1,0
BRDA:1474,177,0,0
BRDA:1474,177,1,0
BRDA:1483,178,0,0
BRDA:1483,178,1,0
BRDA:1487,179,0,0
BRDA:1487,179,1,0
BRDA:1490,180,0,0
BRDA:1490,180,1,0
BRDA:1491,181,0,0
BRDA:1491,181,1,0
BRDA:1498,182,0,0
BRDA:1498,182,1,0
BRDA:1501,183,0,0
BRDA:1501,183,1,0
BRDA:1504,184,0,0
BRDA:1504,184,1,0
BRDA:1517,185,0,0
BRDA:1517,185,1,0
BRDA:1534,186,0,0
BRDA:1534,186,1,0
BRDA:1536,187,0,0
BRDA:1536,187,1,0
BRDA:1537,188,0,0
BRDA:1537,188,1,0
BRF:383
BRH:0
end_of_record
TN:
SF:src\renderer\src\services\JobProgressService.js
FN:28,(anonymous_0)
FN:38,(anonymous_1)
FN:50,(anonymous_2)
FN:61,(anonymous_3)
FN:87,(anonymous_4)
FN:95,(anonymous_5)
FN:111,(anonymous_6)
FN:127,(anonymous_7)
FN:134,(anonymous_8)
FN:149,(anonymous_9)
FN:162,(anonymous_10)
FN:190,(anonymous_11)
FN:204,(anonymous_12)
FN:229,(anonymous_13)
FN:235,(anonymous_14)
FN:259,(anonymous_15)
FN:284,(anonymous_16)
FN:291,(anonymous_17)
FN:303,(anonymous_18)
FN:318,(anonymous_19)
FN:334,(anonymous_20)
FN:338,(anonymous_21)
FN:351,(anonymous_22)
FN:369,(anonymous_23)
FN:378,(anonymous_24)
FN:386,(anonymous_25)
FN:394,(anonymous_26)
FN:399,(anonymous_27)
FN:433,(anonymous_28)
FN:451,(anonymous_29)
FN:458,(anonymous_30)
FN:473,(anonymous_31)
FN:474,(anonymous_32)
FNF:33
FNH:29
FNDA:34,(anonymous_0)
FNDA:32,(anonymous_1)
FNDA:26,(anonymous_2)
FNDA:6,(anonymous_3)
FNDA:2,(anonymous_4)
FNDA:4,(anonymous_5)
FNDA:5,(anonymous_6)
FNDA:1,(anonymous_7)
FNDA:5,(anonymous_8)
FNDA:4,(anonymous_9)
FNDA:4,(anonymous_10)
FNDA:4,(anonymous_11)
FNDA:3,(anonymous_12)
FNDA:1,(anonymous_13)
FNDA:0,(anonymous_14)
FNDA:32,(anonymous_15)
FNDA:1,(anonymous_16)
FNDA:0,(anonymous_17)
FNDA:1,(anonymous_18)
FNDA:6,(anonymous_19)
FNDA:1,(anonymous_20)
FNDA:3,(anonymous_21)
FNDA:1,(anonymous_22)
FNDA:8,(anonymous_23)
FNDA:6,(anonymous_24)
FNDA:2,(anonymous_25)
FNDA:1,(anonymous_26)
FNDA:3,(anonymous_27)
FNDA:3,(anonymous_28)
FNDA:2,(anonymous_29)
FNDA:3,(anonymous_30)
FNDA:0,(anonymous_31)
FNDA:0,(anonymous_32)
DA:10,1
DA:13,32
DA:14,32
DA:15,32
DA:16,32
DA:17,32
DA:18,32
DA:21,1
DA:22,1
DA:29,34
DA:30,31
DA:32,34
DA:40,32
DA:41,1
DA:43,31
DA:51,26
DA:52,0
DA:53,0
DA:56,26
DA:58,26
DA:61,25
DA:62,6
DA:63,6
DA:64,5
DA:67,5
DA:68,1
DA:71,4
DA:72,4
DA:73,4
DA:76,4
DA:79,4
DA:80,4
DA:81,1
DA:82,1
DA:86,4
DA:87,4
DA:88,2
DA:89,2
DA:91,4
DA:95,4
DA:96,4
DA:98,4
DA:106,1
DA:111,25
DA:112,5
DA:113,5
DA:114,5
DA:117,5
DA:118,0
DA:121,5
DA:124,5
DA:127,5
DA:128,1
DA:129,1
DA:131,5
DA:134,5
DA:135,5
DA:137,5
DA:144,0
DA:149,25
DA:150,4
DA:151,4
DA:152,4
DA:155,4
DA:156,0
DA:159,4
DA:162,4
DA:163,4
DA:165,4
DA:166,3
DA:171,3
DA:173,1
DA:178,1
DA:183,4
DA:185,0
DA:190,25
DA:191,4
DA:193,4
DA:194,3
DA:197,3
DA:198,0
DA:201,3
DA:204,3
DA:205,3
DA:207,3
DA:214,3
DA:215,3
DA:218,1
DA:221,1
DA:222,1
DA:223,1
DA:229,25
DA:231,1
DA:235,25
DA:236,0
DA:239,0
DA:240,0
DA:241,0
DA:245,25
DA:246,25
DA:248,1
DA:249,1
DA:260,32
DA:261,2
DA:262,2
DA:266,30
DA:267,25
DA:268,25
DA:269,0
DA:274,30
DA:275,30
DA:277,30
DA:278,30
DA:286,1
DA:287,0
DA:291,1
DA:292,0
DA:293,0
DA:294,0
DA:304,1
DA:305,0
DA:308,1
DA:309,1
DA:320,6
DA:323,6
DA:324,2
DA:327,4
DA:335,1
DA:336,1
DA:338,1
DA:339,3
DA:340,2
DA:341,2
DA:345,1
DA:352,1
DA:353,1
DA:354,1
DA:357,1
DA:358,0
DA:359,0
DA:370,8
DA:379,6
DA:387,2
DA:396,1
DA:399,1
DA:400,3
DA:401,2
DA:404,2
DA:411,2
DA:416,1
DA:419,1
DA:420,1
DA:423,1
DA:433,3
DA:434,3
DA:436,3
DA:444,3
DA:452,2
DA:453,2
DA:454,2
DA:457,1
DA:458,1
DA:459,3
DA:460,2
DA:469,1
DA:470,1
DA:473,1
DA:474,1
DA:475,1
DA:476,1
DA:478,1
DA:479,1
DA:481,1
DA:482,1
DA:493,10
DA:494,10
DA:495,2
DA:496,2
DA:499,10
DA:500,10
DA:501,2
DA:502,2
DA:506,10
DA:509,10
DA:510,0
LF:185
LH:165
BRDA:29,0,0,31
BRDA:29,0,1,3
BRDA:40,1,0,1
BRDA:40,1,1,31
BRDA:51,2,0,0
BRDA:51,2,1,26
BRDA:67,3,0,1
BRDA:67,3,1,4
BRDA:71,4,0,4
BRDA:71,4,1,0
BRDA:72,5,0,4
BRDA:72,5,1,0
BRDA:80,6,0,1
BRDA:80,6,1,3
BRDA:86,7,0,4
BRDA:86,7,1,0
BRDA:96,8,0,4
BRDA:96,8,1,0
BRDA:102,9,0,4
BRDA:102,9,1,3
BRDA:117,10,0,0
BRDA:117,10,1,5
BRDA:135,11,0,5
BRDA:135,11,1,0
BRDA:140,12,0,5
BRDA:140,12,1,0
BRDA:155,13,0,0
BRDA:155,13,1,4
BRDA:163,14,0,4
BRDA:163,14,1,0
BRDA:165,15,0,3
BRDA:165,15,1,1
BRDA:169,16,0,3
BRDA:169,16,1,0
BRDA:176,17,0,1
BRDA:176,17,1,0
BRDA:197,18,0,0
BRDA:197,18,1,3
BRDA:205,19,0,3
BRDA:205,19,1,0
BRDA:210,20,0,3
BRDA:210,20,1,0
BRDA:221,21,0,1
BRDA:221,21,1,0
BRDA:221,22,0,1
BRDA:221,22,1,1
BRDA:239,23,0,0
BRDA:239,23,1,0
BRDA:239,24,0,0
BRDA:239,24,1,0
BRDA:260,25,0,2
BRDA:260,25,1,30
BRDA:260,26,0,32
BRDA:260,26,1,31
BRDA:266,27,0,25
BRDA:266,27,1,5
BRDA:268,28,0,0
BRDA:268,28,1,25
BRDA:286,29,0,0
BRDA:286,29,1,1
BRDA:304,30,0,0
BRDA:304,30,1,1
BRDA:323,31,0,2
BRDA:323,31,1,4
BRDA:323,32,0,6
BRDA:323,32,1,5
BRDA:339,33,0,2
BRDA:339,33,1,1
BRDA:339,34,0,3
BRDA:339,34,1,2
BRDA:341,35,0,2
BRDA:341,35,1,0
BRDA:352,36,0,1
BRDA:352,36,1,0
BRDA:357,37,0,0
BRDA:357,37,1,1
BRDA:370,38,0,8
BRDA:370,38,1,0
BRDA:400,39,0,2
BRDA:400,39,1,1
BRDA:400,40,0,3
BRDA:400,40,1,2
BRDA:434,41,0,3
BRDA:434,41,1,0
BRDA:459,42,0,2
BRDA:459,42,1,1
BRDA:459,43,0,3
BRDA:459,43,1,2
BRDA:491,44,0,10
BRDA:494,45,0,2
BRDA:494,45,1,8
BRDA:500,46,0,2
BRDA:500,46,1,8
BRDA:509,47,0,0
BRDA:509,47,1,10
BRF:95
BRH:66
end_of_record
TN:
SF:src\renderer\src\store\index.js
FN:5,(anonymous_0)
FN:37,(anonymous_1)
FN:41,(anonymous_2)
FN:42,(anonymous_3)
FN:45,(anonymous_4)
FN:45,(anonymous_5)
FN:48,(anonymous_6)
FN:48,(anonymous_7)
FN:54,(anonymous_8)
FN:54,(anonymous_9)
FN:55,(anonymous_10)
FN:59,(anonymous_11)
FN:62,(anonymous_12)
FN:62,(anonymous_13)
FN:68,(anonymous_14)
FN:68,(anonymous_15)
FN:69,(anonymous_16)
FN:73,(anonymous_17)
FN:76,(anonymous_18)
FN:76,(anonymous_19)
FN:82,(anonymous_20)
FN:82,(anonymous_21)
FN:83,(anonymous_22)
FN:87,(anonymous_23)
FN:90,(anonymous_24)
FN:90,(anonymous_25)
FN:103,(anonymous_26)
FN:104,(anonymous_27)
FN:104,(anonymous_28)
FN:105,(anonymous_29)
FN:117,(anonymous_30)
FN:117,(anonymous_31)
FN:118,(anonymous_32)
FN:122,(anonymous_33)
FN:126,(anonymous_34)
FN:127,(anonymous_35)
FN:140,(anonymous_36)
FN:144,(anonymous_37)
FN:149,(anonymous_38)
FN:150,(anonymous_39)
FN:163,(anonymous_40)
FN:164,(anonymous_41)
FN:173,(anonymous_42)
FN:174,(anonymous_43)
FN:185,(anonymous_44)
FN:188,(anonymous_45)
FN:191,(anonymous_46)
FN:194,(anonymous_47)
FN:200,(anonymous_48)
FN:200,(anonymous_49)
FN:204,(anonymous_50)
FN:211,(anonymous_51)
FN:212,(anonymous_52)
FN:213,(anonymous_53)
FN:233,(anonymous_54)
FN:234,(anonymous_55)
FN:235,(anonymous_56)
FN:249,(anonymous_57)
FN:252,(anonymous_58)
FN:253,(anonymous_59)
FN:267,(anonymous_60)
FN:268,(anonymous_61)
FN:284,(anonymous_62)
FN:285,(anonymous_63)
FN:308,(anonymous_64)
FN:322,(anonymous_65)
FN:323,(anonymous_66)
FN:336,(anonymous_67)
FN:351,(anonymous_68)
FN:352,(anonymous_69)
FN:365,(anonymous_70)
FN:366,(anonymous_71)
FN:367,(anonymous_72)
FN:374,(anonymous_73)
FN:374,(anonymous_74)
FN:382,(anonymous_75)
FN:383,(anonymous_76)
FN:386,(anonymous_77)
FN:390,(anonymous_78)
FN:401,(anonymous_79)
FN:405,(anonymous_80)
FN:405,(anonymous_81)
FN:406,(anonymous_82)
FN:410,(anonymous_83)
FN:410,(anonymous_84)
FN:411,(anonymous_85)
FN:411,(anonymous_86)
FN:412,(anonymous_87)
FN:412,(anonymous_88)
FN:413,(anonymous_89)
FN:413,(anonymous_90)
FN:414,(anonymous_91)
FN:414,(anonymous_92)
FN:423,(anonymous_93)
FNF:94
FNH:0
FNDA:0,(anonymous_0)
FNDA:0,(anonymous_1)
FNDA:0,(anonymous_2)
FNDA:0,(anonymous_3)
FNDA:0,(anonymous_4)
FNDA:0,(anonymous_5)
FNDA:0,(anonymous_6)
FNDA:0,(anonymous_7)
FNDA:0,(anonymous_8)
FNDA:0,(anonymous_9)
FNDA:0,(anonymous_10)
FNDA:0,(anonymous_11)
FNDA:0,(anonymous_12)
FNDA:0,(anonymous_13)
FNDA:0,(anonymous_14)
FNDA:0,(anonymous_15)
FNDA:0,(anonymous_16)
FNDA:0,(anonymous_17)
FNDA:0,(anonymous_18)
FNDA:0,(anonymous_19)
FNDA:0,(anonymous_20)
FNDA:0,(anonymous_21)
FNDA:0,(anonymous_22)
FNDA:0,(anonymous_23)
FNDA:0,(anonymous_24)
FNDA:0,(anonymous_25)
FNDA:0,(anonymous_26)
FNDA:0,(anonymous_27)
FNDA:0,(anonymous_28)
FNDA:0,(anonymous_29)
FNDA:0,(anonymous_30)
FNDA:0,(anonymous_31)
FNDA:0,(anonymous_32)
FNDA:0,(anonymous_33)
FNDA:0,(anonymous_34)
FNDA:0,(anonymous_35)
FNDA:0,(anonymous_36)
FNDA:0,(anonymous_37)
FNDA:0,(anonymous_38)
FNDA:0,(anonymous_39)
FNDA:0,(anonymous_40)
FNDA:0,(anonymous_41)
FNDA:0,(anonymous_42)
FNDA:0,(anonymous_43)
FNDA:0,(anonymous_44)
FNDA:0,(anonymous_45)
FNDA:0,(anonymous_46)
FNDA:0,(anonymous_47)
FNDA:0,(anonymous_48)
FNDA:0,(anonymous_49)
FNDA:0,(anonymous_50)
FNDA:0,(anonymous_51)
FNDA:0,(anonymous_52)
FNDA:0,(anonymous_53)
FNDA:0,(anonymous_54)
FNDA:0,(anonymous_55)
FNDA:0,(anonymous_56)
FNDA:0,(anonymous_57)
FNDA:0,(anonymous_58)
FNDA:0,(anonymous_59)
FNDA:0,(anonymous_60)
FNDA:0,(anonymous_61)
FNDA:0,(anonymous_62)
FNDA:0,(anonymous_63)
FNDA:0,(anonymous_64)
FNDA:0,(anonymous_65)
FNDA:0,(anonymous_66)
FNDA:0,(anonymous_67)
FNDA:0,(anonymous_68)
FNDA:0,(anonymous_69)
FNDA:0,(anonymous_70)
FNDA:0,(anonymous_71)
FNDA:0,(anonymous_72)
FNDA:0,(anonymous_73)
FNDA:0,(anonymous_74)
FNDA:0,(anonymous_75)
FNDA:0,(anonymous_76)
FNDA:0,(anonymous_77)
FNDA:0,(anonymous_78)
FNDA:0,(anonymous_79)
FNDA:0,(anonymous_80)
FNDA:0,(anonymous_81)
FNDA:0,(anonymous_82)
FNDA:0,(anonymous_83)
FNDA:0,(anonymous_84)
FNDA:0,(anonymous_85)
FNDA:0,(anonymous_86)
FNDA:0,(anonymous_87)
FNDA:0,(anonymous_88)
FNDA:0,(anonymous_89)
FNDA:0,(anonymous_90)
FNDA:0,(anonymous_91)
FNDA:0,(anonymous_92)
FNDA:0,(anonymous_93)
DA:5,0
DA:8,0
DA:35,0
DA:37,0
DA:41,0
DA:42,0
DA:45,0
DA:48,0
DA:54,0
DA:55,0
DA:59,0
DA:62,0
DA:68,0
DA:69,0
DA:73,0
DA:76,0
DA:82,0
DA:83,0
DA:87,0
DA:90,0
DA:103,0
DA:104,0
DA:106,0
DA:117,0
DA:118,0
DA:123,0
DA:126,0
DA:127,0
DA:128,0
DA:130,0
DA:140,0
DA:145,0
DA:150,0
DA:164,0
DA:173,0
DA:174,0
DA:176,0
DA:177,0
DA:179,0
DA:185,0
DA:188,0
DA:191,0
DA:194,0
DA:200,0
DA:204,0
DA:212,0
DA:214,0
DA:216,0
DA:218,0
DA:227,0
DA:234,0
DA:236,0
DA:250,0
DA:252,0
DA:254,0
DA:266,0
DA:267,0
DA:268,0
DA:271,0
DA:272,0
DA:284,0
DA:285,0
DA:286,0
DA:288,0
DA:290,0
DA:296,0
DA:297,0
DA:310,0
DA:312,0
DA:313,0
DA:314,0
DA:315,0
DA:316,0
DA:317,0
DA:318,0
DA:319,0
DA:322,0
DA:324,0
DA:335,0
DA:336,0
DA:338,0
DA:339,0
DA:351,0
DA:352,0
DA:353,0
DA:355,0
DA:357,0
DA:366,0
DA:368,0
DA:374,0
DA:383,0
DA:384,0
DA:386,0
DA:387,0
DA:388,0
DA:390,0
DA:401,0
DA:405,0
DA:406,0
DA:410,0
DA:411,0
DA:412,0
DA:413,0
DA:414,0
DA:423,0
DA:425,0
LF:106
LH:0
BRDA:51,0,0,0
BRDA:51,0,1,0
BRDA:65,1,0,0
BRDA:65,1,1,0
BRDA:79,2,0,0
BRDA:79,2,1,0
BRDA:96,3,0,0
BRDA:96,3,1,0
BRDA:97,4,0,0
BRDA:97,4,1,0
BRDA:98,5,0,0
BRDA:98,5,1,0
BRDA:99,6,0,0
BRDA:99,6,1,0
BRDA:106,7,0,0
BRDA:106,7,1,0
BRDA:111,8,0,0
BRDA:111,8,1,0
BRDA:112,9,0,0
BRDA:112,9,1,0
BRDA:128,10,0,0
BRDA:128,10,1,0
BRDA:167,11,0,0
BRDA:167,11,1,0
BRDA:176,12,0,0
BRDA:176,12,1,0
BRDA:176,13,0,0
BRDA:176,13,1,0
BRDA:201,14,0,0
BRDA:201,14,1,0
BRDA:214,15,0,0
BRDA:214,15,1,0
BRDA:214,16,0,0
BRDA:214,16,1,0
BRDA:222,17,0,0
BRDA:222,17,1,0
BRDA:224,18,0,0
BRDA:224,18,1,0
BRDA:236,19,0,0
BRDA:236,19,1,0
BRDA:236,20,0,0
BRDA:236,20,1,0
BRDA:241,21,0,0
BRDA:241,21,1,0
BRDA:254,22,0,0
BRDA:254,22,1,0
BRDA:254,23,0,0
BRDA:254,23,1,0
BRDA:267,24,0,0
BRDA:267,24,1,0
BRDA:271,25,0,0
BRDA:271,25,1,0
BRDA:286,26,0,0
BRDA:286,26,1,0
BRDA:286,27,0,0
BRDA:286,27,1,0
BRDA:296,28,0,0
BRDA:296,28,1,0
BRDA:296,29,0,0
BRDA:296,29,1,0
BRDA:312,30,0,0
BRDA:312,30,1,0
BRDA:312,31,0,0
BRDA:312,31,1,0
BRDA:314,32,0,0
BRDA:314,32,1,0
BRDA:316,33,0,0
BRDA:316,33,1,0
BRDA:316,34,0,0
BRDA:316,34,1,0
BRDA:318,35,0,0
BRDA:318,35,1,0
BRDA:324,36,0,0
BRDA:324,36,1,0
BRDA:324,37,0,0
BRDA:324,37,1,0
BRDA:338,38,0,0
BRDA:338,38,1,0
BRDA:353,39,0,0
BRDA:353,39,1,0
BRDA:353,40,0,0
BRDA:353,40,1,0
BRDA:368,41,0,0
BRDA:368,41,1,0
BRDA:378,42,0,0
BRDA:378,42,1,0
BRDA:384,43,0,0
BRDA:384,43,1,0
BRDA:387,44,0,0
BRDA:387,44,1,0
BRF:90
BRH:0
end_of_record
TN:
SF:src\renderer\src\utils\api.js
FN:6,(anonymous_0)
FN:24,(anonymous_1)
FN:34,(anonymous_2)
FN:44,(anonymous_3)
FN:53,(anonymous_4)
FN:69,(anonymous_5)
FN:85,(anonymous_6)
FN:101,(anonymous_7)
FN:107,(anonymous_8)
FN:144,(anonymous_9)
FN:179,(anonymous_10)
FN:205,(anonymous_11)
FN:234,(anonymous_12)
FN:249,(anonymous_13)
FN:264,(anonymous_14)
FN:278,(anonymous_15)
FN:292,(anonymous_16)
FN:311,(anonymous_17)
FN:311,(anonymous_18)
FN:311,(anonymous_19)
FN:341,(anonymous_20)
FN:352,(anonymous_21)
FN:360,(anonymous_22)
FN:374,(anonymous_23)
FN:388,(anonymous_24)
FN:401,(anonymous_25)
FN:414,(anonymous_26)
FN:429,(anonymous_27)
FN:443,(anonymous_28)
FN:456,(anonymous_29)
FN:471,(anonymous_30)
FN:485,(anonymous_31)
FN:509,(anonymous_32)
FN:522,(anonymous_33)
FN:537,(anonymous_34)
FN:551,(anonymous_35)
FN:564,(anonymous_36)
FN:577,(anonymous_37)
FN:591,(anonymous_38)
FN:604,(anonymous_39)
FN:617,(anonymous_40)
FN:631,(anonymous_41)
FN:645,(anonymous_42)
FN:659,(anonymous_43)
FN:672,(anonymous_44)
FN:685,(anonymous_45)
FN:698,(anonymous_46)
FN:714,(anonymous_47)
FN:735,(anonymous_48)
FN:750,(anonymous_49)
FN:763,(anonymous_50)
FN:785,(anonymous_51)
FN:799,(anonymous_52)
FNF:53
FNH:0
FNDA:0,(anonymous_0)
FNDA:0,(anonymous_1)
FNDA:0,(anonymous_2)
FNDA:0,(anonymous_3)
FNDA:0,(anonymous_4)
FNDA:0,(anonymous_5)
FNDA:0,(anonymous_6)
FNDA:0,(anonymous_7)
FNDA:0,(anonymous_8)
FNDA:0,(anonymous_9)
FNDA:0,(anonymous_10)
FNDA:0,(anonymous_11)
FNDA:0,(anonymous_12)
FNDA:0,(anonymous_13)
FNDA:0,(anonymous_14)
FNDA:0,(anonymous_15)
FNDA:0,(anonymous_16)
FNDA:0,(anonymous_17)
FNDA:0,(anonymous_18)
FNDA:0,(anonymous_19)
FNDA:0,(anonymous_20)
FNDA:0,(anonymous_21)
FNDA:0,(anonymous_22)
FNDA:0,(anonymous_23)
FNDA:0,(anonymous_24)
FNDA:0,(anonymous_25)
FNDA:0,(anonymous_26)
FNDA:0,(anonymous_27)
FNDA:0,(anonymous_28)
FNDA:0,(anonymous_29)
FNDA:0,(anonymous_30)
FNDA:0,(anonymous_31)
FNDA:0,(anonymous_32)
FNDA:0,(anonymous_33)
FNDA:0,(anonymous_34)
FNDA:0,(anonymous_35)
FNDA:0,(anonymous_36)
FNDA:0,(anonymous_37)
FNDA:0,(anonymous_38)
FNDA:0,(anonymous_39)
FNDA:0,(anonymous_40)
FNDA:0,(anonymous_41)
FNDA:0,(anonymous_42)
FNDA:0,(anonymous_43)
FNDA:0,(anonymous_44)
FNDA:0,(anonymous_45)
FNDA:0,(anonymous_46)
FNDA:0,(anonymous_47)
FNDA:0,(anonymous_48)
FNDA:0,(anonymous_49)
FNDA:0,(anonymous_50)
FNDA:0,(anonymous_51)
FNDA:0,(anonymous_52)
DA:6,0
DA:7,0
DA:11,0
DA:24,0
DA:26,0
DA:34,0
DA:35,0
DA:44,0
DA:45,0
DA:53,0
DA:54,0
DA:61,0
DA:69,0
DA:70,0
DA:71,0
DA:72,0
DA:73,0
DA:75,0
DA:78,0
DA:79,0
DA:80,0
DA:85,0
DA:86,0
DA:87,0
DA:89,0
DA:90,0
DA:92,0
DA:101,0
DA:102,0
DA:105,0
DA:106,0
DA:107,0
DA:109,0
DA:116,0
DA:118,0
DA:119,0
DA:121,0
DA:124,0
DA:125,0
DA:128,0
DA:129,0
DA:132,0
DA:144,0
DA:145,0
DA:146,0
DA:151,0
DA:153,0
DA:160,0
DA:161,0
DA:163,0
DA:165,0
DA:166,0
DA:168,0
DA:179,0
DA:180,0
DA:181,0
DA:188,0
DA:189,0
DA:191,0
DA:192,0
DA:193,0
DA:195,0
DA:205,0
DA:206,0
DA:207,0
DA:213,0
DA:216,0
DA:217,0
DA:220,0
DA:222,0
DA:223,0
DA:224,0
DA:226,0
DA:234,0
DA:235,0
DA:236,0
DA:238,0
DA:239,0
DA:249,0
DA:250,0
DA:251,0
DA:253,0
DA:254,0
DA:264,0
DA:265,0
DA:266,0
DA:268,0
DA:269,0
DA:278,0
DA:279,0
DA:280,0
DA:282,0
DA:283,0
DA:292,0
DA:293,0
DA:294,0
DA:295,0
DA:296,0
DA:298,0
DA:299,0
DA:311,0
DA:312,0
DA:314,0
DA:315,0
DA:318,0
DA:320,0
DA:322,0
DA:323,0
DA:324,0
DA:325,0
DA:326,0
DA:329,0
DA:331,0
DA:332,0
DA:333,0
DA:336,0
DA:340,0
DA:341,0
DA:345,0
DA:352,0
DA:353,0
DA:360,0
DA:361,0
DA:362,0
DA:364,0
DA:365,0
DA:374,0
DA:375,0
DA:376,0
DA:378,0
DA:379,0
DA:388,0
DA:389,0
DA:390,0
DA:392,0
DA:393,0
DA:401,0
DA:402,0
DA:403,0
DA:405,0
DA:406,0
DA:414,0
DA:415,0
DA:416,0
DA:417,0
DA:419,0
DA:420,0
DA:429,0
DA:430,0
DA:431,0
DA:433,0
DA:434,0
DA:443,0
DA:444,0
DA:445,0
DA:447,0
DA:448,0
DA:456,0
DA:457,0
DA:458,0
DA:459,0
DA:461,0
DA:462,0
DA:471,0
DA:472,0
DA:473,0
DA:475,0
DA:476,0
DA:485,0
DA:486,0
DA:487,0
DA:489,0
DA:490,0
DA:509,0
DA:510,0
DA:511,0
DA:513,0
DA:514,0
DA:522,0
DA:523,0
DA:524,0
DA:525,0
DA:527,0
DA:528,0
DA:537,0
DA:538,0
DA:539,0
DA:541,0
DA:542,0
DA:551,0
DA:552,0
DA:553,0
DA:555,0
DA:556,0
DA:564,0
DA:565,0
DA:566,0
DA:568,0
DA:569,0
DA:577,0
DA:578,0
DA:579,0
DA:581,0
DA:582,0
DA:591,0
DA:592,0
DA:593,0
DA:595,0
DA:596,0
DA:604,0
DA:605,0
DA:606,0
DA:608,0
DA:609,0
DA:617,0
DA:618,0
DA:619,0
DA:621,0
DA:622,0
DA:631,0
DA:632,0
DA:633,0
DA:634,0
DA:636,0
DA:637,0
DA:645,0
DA:646,0
DA:647,0
DA:649,0
DA:650,0
DA:659,0
DA:660,0
DA:661,0
DA:663,0
DA:664,0
DA:672,0
DA:673,0
DA:674,0
DA:676,0
DA:677,0
DA:685,0
DA:686,0
DA:687,0
DA:689,0
DA:690,0
DA:698,0
DA:699,0
DA:700,0
DA:702,0
DA:703,0
DA:714,0
DA:715,0
DA:716,0
DA:717,0
DA:718,0
DA:719,0
DA:720,0
DA:723,0
DA:725,0
DA:726,0
DA:735,0
DA:736,0
DA:737,0
DA:739,0
DA:740,0
DA:750,0
DA:751,0
DA:752,0
DA:754,0
DA:755,0
DA:763,0
DA:764,0
DA:765,0
DA:766,0
DA:768,0
DA:769,0
DA:771,0
DA:774,0
DA:776,0
DA:777,0
DA:785,0
DA:786,0
DA:787,0
DA:789,0
DA:790,0
DA:799,0
DA:800,0
DA:801,0
DA:803,0
DA:804,0
LF:290
LH:0
BRDA:7,0,0,0
BRDA:7,0,1,0
BRDA:53,1,0,0
BRDA:70,2,0,0
BRDA:70,2,1,0
BRDA:72,3,0,0
BRDA:72,3,1,0
BRDA:72,4,0,0
BRDA:72,4,1,0
BRDA:78,5,0,0
BRDA:78,5,1,0
BRDA:86,6,0,0
BRDA:86,6,1,0
BRDA:86,7,0,0
BRDA:86,7,1,0
BRDA:86,7,2,0
BRDA:89,8,0,0
BRDA:89,8,1,0
BRDA:89,9,0,0
BRDA:89,9,1,0
BRDA:101,10,0,0
BRDA:124,11,0,0
BRDA:124,11,1,0
BRDA:128,12,0,0
BRDA:128,12,1,0
BRDA:128,13,0,0
BRDA:128,13,1,0
BRDA:144,14,0,0
BRDA:144,15,0,0
BRDA:146,16,0,0
BRDA:146,16,1,0
BRDA:151,17,0,0
BRDA:151,17,1,0
BRDA:165,18,0,0
BRDA:165,18,1,0
BRDA:179,19,0,0
BRDA:192,20,0,0
BRDA:192,20,1,0
BRDA:205,21,0,0
BRDA:216,22,0,0
BRDA:216,22,1,0
BRDA:223,23,0,0
BRDA:223,23,1,0
BRDA:249,24,0,0
BRDA:311,25,0,0
BRDA:311,26,0,0
BRDA:311,27,0,0
BRDA:340,28,0,0
BRDA:340,28,1,0
BRDA:417,29,0,0
BRDA:417,29,1,0
BRDA:459,30,0,0
BRDA:459,30,1,0
BRDA:525,31,0,0
BRDA:525,31,1,0
BRDA:631,32,0,0
BRDA:633,33,0,0
BRDA:633,33,1,0
BRDA:714,34,0,0
BRDA:719,35,0,0
BRDA:719,35,1,0
BRDA:766,36,0,0
BRDA:766,36,1,0
BRDA:768,37,0,0
BRDA:768,37,1,0
BRDA:768,38,0,0
BRDA:768,38,1,0
BRF:67
BRH:0
end_of_record
